Using pre-set license
Built from '2021.3/staging' branch; Version is '2021.3.23f1 (213b516bf396) revision 2177873'; Using compiler version '192829333'; Build Type 'Release'
OS: 'Windows 11  (10.0.22621) 64bit Core' Language: 'tr' Physical Memory: 16225 MB
BatchMode: 1, IsHumanControllingUs: 0, StartBugReporterOnCrash: 0, Is64bit: 1, IsPro: 1

COMMAND LINE ARGUMENTS:
C:\Program Files\Unity\Hub\Editor\2021.3.23f1\Editor\Unity.exe
-adb2
-batchMode
-noUpm
-name
AssetImportWorker0
-projectPath
C:/Users/Sinem KADAKAL/Desktop/Unity/Week3
-logFile
Logs/AssetImportWorker0.log
-srvPort
58164
Successfully changed project path to: C:/Users/Sinem KADAKAL/Desktop/Unity/Week3
C:/Users/Sinem KADAKAL/Desktop/Unity/Week3
[UnityMemory] Configuration Parameters - Can be set up in boot.config
    "memorysetup-bucket-allocator-granularity=16"
    "memorysetup-bucket-allocator-bucket-count=8"
    "memorysetup-bucket-allocator-block-size=33554432"
    "memorysetup-bucket-allocator-block-count=8"
    "memorysetup-main-allocator-block-size=16777216"
    "memorysetup-thread-allocator-block-size=16777216"
    "memorysetup-gfx-main-allocator-block-size=16777216"
    "memorysetup-gfx-thread-allocator-block-size=16777216"
    "memorysetup-cache-allocator-block-size=4194304"
    "memorysetup-typetree-allocator-block-size=2097152"
    "memorysetup-profiler-bucket-allocator-granularity=16"
    "memorysetup-profiler-bucket-allocator-bucket-count=8"
    "memorysetup-profiler-bucket-allocator-block-size=33554432"
    "memorysetup-profiler-bucket-allocator-block-count=8"
    "memorysetup-profiler-allocator-block-size=16777216"
    "memorysetup-profiler-editor-allocator-block-size=1048576"
    "memorysetup-temp-allocator-size-main=16777216"
    "memorysetup-job-temp-allocator-block-size=2097152"
    "memorysetup-job-temp-allocator-block-size-background=1048576"
    "memorysetup-job-temp-allocator-reduction-small-platforms=262144"
    "memorysetup-temp-allocator-size-background-worker=32768"
    "memorysetup-temp-allocator-size-job-worker=262144"
    "memorysetup-temp-allocator-size-preload-manager=33554432"
    "memorysetup-temp-allocator-size-nav-mesh-worker=65536"
    "memorysetup-temp-allocator-size-audio-worker=65536"
    "memorysetup-temp-allocator-size-cloud-worker=32768"
    "memorysetup-temp-allocator-size-gi-baking-worker=262144"
    "memorysetup-temp-allocator-size-gfx=262144"
Player connection [22656] Host "[IP] 192.168.1.107 [Port] 0 [Flags] 2 [Guid] 1932593425 [EditorId] 1932593425 [Version] 1048832 [Id] WindowsEditor(7,LAPTOP-2P7R48AF) [Debug] 1 [PackageName] WindowsEditor [ProjectName] Editor" joined multi-casting on [225.0.0.222:54997]...

Player connection [22656] Host "[IP] 192.168.1.107 [Port] 0 [Flags] 2 [Guid] 1932593425 [EditorId] 1932593425 [Version] 1048832 [Id] WindowsEditor(7,LAPTOP-2P7R48AF) [Debug] 1 [PackageName] WindowsEditor [ProjectName] Editor" joined alternative multi-casting on [225.0.0.222:34997]...

Refreshing native plugins compatible for Editor in 77.64 ms, found 3 plugins.
Preloading 0 native plugins for Editor in 0.00 ms.
Initialize engine version: 2021.3.23f1 (213b516bf396)
[Subsystems] Discovering subsystems at path C:/Program Files/Unity/Hub/Editor/2021.3.23f1/Editor/Data/Resources/UnitySubsystems
[Subsystems] Discovering subsystems at path C:/Users/Sinem KADAKAL/Desktop/Unity/Week3/Assets
GfxDevice: creating device client; threaded=0; jobified=0
Direct3D:
    Version:  Direct3D 11.0 [level 11.1]
    Renderer: NVIDIA GeForce GTX 1650 (ID=0x1f91)
    Vendor:   NVIDIA
    VRAM:     3962 MB
    Driver:   30.0.15.1278
Initialize mono
Mono path[0] = 'C:/Program Files/Unity/Hub/Editor/2021.3.23f1/Editor/Data/Managed'
Mono path[1] = 'C:/Program Files/Unity/Hub/Editor/2021.3.23f1/Editor/Data/MonoBleedingEdge/lib/mono/unityjit-win32'
Mono config path = 'C:/Program Files/Unity/Hub/Editor/2021.3.23f1/Editor/Data/MonoBleedingEdge/etc'
Using monoOptions --debugger-agent=transport=dt_socket,embedding=1,server=y,suspend=n,address=127.0.0.1:56192
Begin MonoManager ReloadAssembly
Registering precompiled unity dll's ...
Register platform support module: C:/Program Files/Unity/Hub/Editor/2021.3.23f1/Editor/Data/PlaybackEngines/WindowsStandaloneSupport/UnityEditor.WindowsStandalone.Extensions.dll
Registered in 0.005126 seconds.
Native extension for WindowsStandalone target not found
Refreshing native plugins compatible for Editor in 77.36 ms, found 3 plugins.
Preloading 0 native plugins for Editor in 0.00 ms.
Mono: successfully reloaded assembly
- Completed reload, in  0.636 seconds
Domain Reload Profiling:
	ReloadAssembly (637ms)
		BeginReloadAssembly (88ms)
			ExecutionOrderSort (0ms)
			DisableScriptedObjects (0ms)
			BackupInstance (0ms)
			ReleaseScriptingObjects (0ms)
			CreateAndSetChildDomain (1ms)
		EndReloadAssembly (449ms)
			LoadAssemblies (84ms)
			RebuildTransferFunctionScriptingTraits (0ms)
			SetupTypeCache (104ms)
			ReleaseScriptCaches (0ms)
			RebuildScriptCaches (28ms)
			SetupLoadedEditorAssemblies (264ms)
				LogAssemblyErrors (0ms)
				InitializePlatformSupportModulesInManaged (7ms)
				SetLoadedEditorAssemblies (0ms)
				RefreshPlugins (77ms)
				BeforeProcessingInitializeOnLoad (1ms)
				ProcessInitializeOnLoadAttributes (131ms)
				ProcessInitializeOnLoadMethodAttributes (47ms)
				AfterProcessingInitializeOnLoad (0ms)
				EditorAssembliesLoaded (0ms)
			ExecutionOrderSort2 (0ms)
			AwakeInstancesAfterBackupRestoration (0ms)
Platform modules already initialized, skipping
Registering precompiled user dll's ...
Registered in 0.008180 seconds.
Begin MonoManager ReloadAssembly
Symbol file LoadedFromMemory doesn't match image C:\Users\Sinem KADAKAL\Desktop\Unity\Week3\Library\PackageCache\com.unity.visualscripting@1.8.0\Editor\VisualScripting.Core\Dependencies\YamlDotNet\Unity.VisualScripting.YamlDotNet.dll
Symbol file LoadedFromMemory doesn't match image C:\Users\Sinem KADAKAL\Desktop\Unity\Week3\Library\PackageCache\com.unity.visualscripting@1.8.0\Editor\VisualScripting.Core\Dependencies\DotNetZip\Unity.VisualScripting.IonicZip.dll
Native extension for WindowsStandalone target not found
Refreshing native plugins compatible for Editor in 0.46 ms, found 3 plugins.
Preloading 0 native plugins for Editor in 0.00 ms.
Mono: successfully reloaded assembly
- Completed reload, in  1.129 seconds
Domain Reload Profiling:
	ReloadAssembly (1130ms)
		BeginReloadAssembly (119ms)
			ExecutionOrderSort (0ms)
			DisableScriptedObjects (6ms)
			BackupInstance (0ms)
			ReleaseScriptingObjects (0ms)
			CreateAndSetChildDomain (19ms)
		EndReloadAssembly (886ms)
			LoadAssemblies (89ms)
			RebuildTransferFunctionScriptingTraits (0ms)
			SetupTypeCache (324ms)
			ReleaseScriptCaches (1ms)
			RebuildScriptCaches (56ms)
			SetupLoadedEditorAssemblies (366ms)
				LogAssemblyErrors (0ms)
				InitializePlatformSupportModulesInManaged (6ms)
				SetLoadedEditorAssemblies (0ms)
				RefreshPlugins (1ms)
				BeforeProcessingInitializeOnLoad (83ms)
				ProcessInitializeOnLoadAttributes (249ms)
				ProcessInitializeOnLoadMethodAttributes (20ms)
				AfterProcessingInitializeOnLoad (7ms)
				EditorAssembliesLoaded (0ms)
			ExecutionOrderSort2 (0ms)
			AwakeInstancesAfterBackupRestoration (7ms)
Platform modules already initialized, skipping
========================================================================
Worker process is ready to serve import requests
Launched and connected shader compiler UnityShaderCompiler.exe after 0.06 seconds
Refreshing native plugins compatible for Editor in 0.73 ms, found 3 plugins.
Preloading 0 native plugins for Editor in 0.00 ms.
Unloading 3046 Unused Serialized files (Serialized files now loaded: 0)
Unloading 24 unused Assets / (113.3 KB). Loaded Objects now: 3506.
Memory consumption went from 107.5 MB to 107.4 MB.
Total: 3.649000 ms (FindLiveObjects: 0.328800 ms CreateObjectMapping: 0.191100 ms MarkObjects: 3.016300 ms  DeleteObjects: 0.112200 ms)

AssetImportParameters requested are different than current active one (requested -> active):
  custom:video-decoder-ogg-theora: a1e56fd34408186e4bbccfd4996cb3dc -> 
  custom:container-muxer-webm: aa71ff27fc2769a1b78a27578f13a17b -> 
  custom:container-demuxer-webm: 4f35f7cbe854078d1ac9338744f61a02 -> 
  custom:video-encoder-webm-vp8: eb34c28f22e8b96e1ab97ce403110664 -> 
  custom:video-codec-MediaFoundation-h265: 746d11721c4dcdbdad8f713fa42b33f4 -> 
  custom:audio-encoder-webm-vorbis: bf7c407c2cedff20999df2af8eb42d56 -> 
  custom:framework-win-MediaFoundation: 216162199b28c13a410421893ffa2e32 -> 
  custom:container-demuxer-ogg: 62fdf1f143b41e24485cea50d1cbac27 -> 
  custom:video-decoder-webm-vp8: 9c59270c3fd7afecdb556c50c9e8de78 -> 
  custom:audio-decoder-ogg-vorbis: bf7c407c2cedff20999df2af8eb42d56 -> 
========================================================================
Received Import Request.
  Time since last request: 347595.809313 seconds.
  path: Assets/Textures
  artifactKey: Guid(307329d392431da44a2bdb1295857a0a) Importer(815301076,1909f56bfc062723c751e8b465ee728b)
Start importing Assets/Textures using Guid(307329d392431da44a2bdb1295857a0a) Importer(815301076,1909f56bfc062723c751e8b465ee728b)  -> (artifact id: 'ccdac59059ba9f5281fc037e7e2afccf') in 0.015161 seconds 
========================================================================
Received Import Request.
  Time since last request: 10.576700 seconds.
  path: Assets/Textures/SolarSystem
  artifactKey: Guid(9c4f849133c84854ea4ac9de3b3e7476) Importer(815301076,1909f56bfc062723c751e8b465ee728b)
Start importing Assets/Textures/SolarSystem using Guid(9c4f849133c84854ea4ac9de3b3e7476) Importer(815301076,1909f56bfc062723c751e8b465ee728b)  -> (artifact id: 'a4729b748e34c93250abccf882d6cf21') in 0.011844 seconds 
========================================================================
Received Import Request.
  Time since last request: 0.076998 seconds.
  path: Assets/Textures/SolarSystem/2k_earth_daymap.jpg
  artifactKey: Guid(13ac9591a70efb44ab22536715b3ebb8) Importer(815301076,1909f56bfc062723c751e8b465ee728b)
Start importing Assets/Textures/SolarSystem/2k_earth_daymap.jpg using Guid(13ac9591a70efb44ab22536715b3ebb8) Importer(815301076,1909f56bfc062723c751e8b465ee728b)  -> (artifact id: '1bc742d255d20ced5f23cd9a46edfd7c') in 0.111918 seconds 
========================================================================
Received Import Request.
  Time since last request: 0.000029 seconds.
  path: Assets/Textures/SolarSystem/2k_venus_surface.jpg
  artifactKey: Guid(dfac990dbe14b004cba9f7ac97a4d114) Importer(815301076,1909f56bfc062723c751e8b465ee728b)
Start importing Assets/Textures/SolarSystem/2k_venus_surface.jpg using Guid(dfac990dbe14b004cba9f7ac97a4d114) Importer(815301076,1909f56bfc062723c751e8b465ee728b)  -> (artifact id: '607489ca84bbb0c42b0ac1961cec92ac') in 0.023043 seconds 
========================================================================
Received Import Request.
  Time since last request: 0.000036 seconds.
  path: Assets/Textures/SolarSystem/space.jpg
  artifactKey: Guid(a135b5a8722ce8f43b0d76304a2d66f9) Importer(815301076,1909f56bfc062723c751e8b465ee728b)
Start importing Assets/Textures/SolarSystem/space.jpg using Guid(a135b5a8722ce8f43b0d76304a2d66f9) Importer(815301076,1909f56bfc062723c751e8b465ee728b)  -> (artifact id: '6727e697d4fc578ee1458928d0d0a172') in 0.023789 seconds 
========================================================================
Received Import Request.
  Time since last request: 0.000088 seconds.
  path: Assets/Textures/SolarSystem/2k_saturn.jpg
  artifactKey: Guid(11a6b00bb1df7884fb0666513d65bc2c) Importer(815301076,1909f56bfc062723c751e8b465ee728b)
Start importing Assets/Textures/SolarSystem/2k_saturn.jpg using Guid(11a6b00bb1df7884fb0666513d65bc2c) Importer(815301076,1909f56bfc062723c751e8b465ee728b)  -> (artifact id: '9dc92f09147dd4bf0d222f8cc1bdb02d') in 0.018928 seconds 
========================================================================
Received Import Request.
  Time since last request: 0.000023 seconds.
  path: Assets/Textures/SolarSystem/2k_sun.jpg
  artifactKey: Guid(701f17f1b3e30b748836d621008e5b75) Importer(815301076,1909f56bfc062723c751e8b465ee728b)
Start importing Assets/Textures/SolarSystem/2k_sun.jpg using Guid(701f17f1b3e30b748836d621008e5b75) Importer(815301076,1909f56bfc062723c751e8b465ee728b)  -> (artifact id: 'baf25201516dc6c683b8607b6cdf153f') in 0.022848 seconds 
========================================================================
Received Import Request.
  Time since last request: 114.842446 seconds.
  path: Assets/Textures/SolarSystem/2k_earth_daymap.jpg
  artifactKey: Guid(13ac9591a70efb44ab22536715b3ebb8) Importer(815301076,1909f56bfc062723c751e8b465ee728b)
Start importing Assets/Textures/SolarSystem/2k_earth_daymap.jpg using Guid(13ac9591a70efb44ab22536715b3ebb8) Importer(815301076,1909f56bfc062723c751e8b465ee728b)  -> (artifact id: 'bb02469c19036d0f585c3d226565aca3') in 0.191037 seconds 
========================================================================
Received Import Request.
  Time since last request: 74.432185 seconds.
  path: Assets/Textures/SolarSystem/2k_jupiter.jpg
  artifactKey: Guid(784fc80b09e802e459d6e26cab90d389) Importer(815301076,1909f56bfc062723c751e8b465ee728b)
Start importing Assets/Textures/SolarSystem/2k_jupiter.jpg using Guid(784fc80b09e802e459d6e26cab90d389) Importer(815301076,1909f56bfc062723c751e8b465ee728b)  -> (artifact id: '0689f66bc124e1603224b08440e693f6') in 0.169215 seconds 
========================================================================
Received Import Request.
  Time since last request: 6.432874 seconds.
  path: Assets/Textures/SolarSystem/2k_mars.jpg
  artifactKey: Guid(b1702018320731d4390db0f871fdf712) Importer(815301076,1909f56bfc062723c751e8b465ee728b)
Start importing Assets/Textures/SolarSystem/2k_mars.jpg using Guid(b1702018320731d4390db0f871fdf712) Importer(815301076,1909f56bfc062723c751e8b465ee728b)  -> (artifact id: 'd9e86c1d4726c7bd606cdb35ef9bb4c8') in 0.188883 seconds 
========================================================================
Received Import Request.
  Time since last request: 5.697290 seconds.
  path: Assets/Textures/SolarSystem/2k_mercury.jpg
  artifactKey: Guid(e1041014534db954197c35b3d4c68f73) Importer(815301076,1909f56bfc062723c751e8b465ee728b)
Start importing Assets/Textures/SolarSystem/2k_mercury.jpg using Guid(e1041014534db954197c35b3d4c68f73) Importer(815301076,1909f56bfc062723c751e8b465ee728b)  -> (artifact id: 'e4b94371cdee01cc5d5f590845daf886') in 0.188585 seconds 
========================================================================
Received Import Request.
  Time since last request: 5.983015 seconds.
  path: Assets/Textures/SolarSystem/2k_neptune.jpg
  artifactKey: Guid(5cbc17c82e4c91b4a9d886af5bda1983) Importer(815301076,1909f56bfc062723c751e8b465ee728b)
Start importing Assets/Textures/SolarSystem/2k_neptune.jpg using Guid(5cbc17c82e4c91b4a9d886af5bda1983) Importer(815301076,1909f56bfc062723c751e8b465ee728b)  -> (artifact id: '5dda3583332488154c7a56078c7db15b') in 0.119628 seconds 
========================================================================
Received Import Request.
  Time since last request: 5.577569 seconds.
  path: Assets/Textures/SolarSystem/2k_saturn.jpg
  artifactKey: Guid(11a6b00bb1df7884fb0666513d65bc2c) Importer(815301076,1909f56bfc062723c751e8b465ee728b)
Start importing Assets/Textures/SolarSystem/2k_saturn.jpg using Guid(11a6b00bb1df7884fb0666513d65bc2c) Importer(815301076,1909f56bfc062723c751e8b465ee728b)  -> (artifact id: '9dbaa70fe0f3d724a4f43cbae5a8cec1') in 0.124618 seconds 
========================================================================
Received Import Request.
  Time since last request: 7.606968 seconds.
  path: Assets/Textures/SolarSystem/2k_sun.jpg
  artifactKey: Guid(701f17f1b3e30b748836d621008e5b75) Importer(815301076,1909f56bfc062723c751e8b465ee728b)
Start importing Assets/Textures/SolarSystem/2k_sun.jpg using Guid(701f17f1b3e30b748836d621008e5b75) Importer(815301076,1909f56bfc062723c751e8b465ee728b)  -> (artifact id: '75ebfc20f30468a741188a6ed433f4b8') in 0.190276 seconds 
========================================================================
Received Import Request.
  Time since last request: 5.328197 seconds.
  path: Assets/Textures/SolarSystem/2k_uranus.jpg
  artifactKey: Guid(eb7d1a5b25e0adf4aa65c734fa8ee4a3) Importer(815301076,1909f56bfc062723c751e8b465ee728b)
Start importing Assets/Textures/SolarSystem/2k_uranus.jpg using Guid(eb7d1a5b25e0adf4aa65c734fa8ee4a3) Importer(815301076,1909f56bfc062723c751e8b465ee728b)  -> (artifact id: '92b905b5224e317cb07d7a7edbd9a198') in 0.091229 seconds 
========================================================================
Received Import Request.
  Time since last request: 5.419685 seconds.
  path: Assets/Textures/SolarSystem/2k_venus_surface.jpg
  artifactKey: Guid(dfac990dbe14b004cba9f7ac97a4d114) Importer(815301076,1909f56bfc062723c751e8b465ee728b)
Start importing Assets/Textures/SolarSystem/2k_venus_surface.jpg using Guid(dfac990dbe14b004cba9f7ac97a4d114) Importer(815301076,1909f56bfc062723c751e8b465ee728b)  -> (artifact id: '930a8513b2b36f44a9b250b498a0bccc') in 0.200075 seconds 
========================================================================
Received Import Request.
  Time since last request: 5.420917 seconds.
  path: Assets/Textures/SolarSystem/space.jpg
  artifactKey: Guid(a135b5a8722ce8f43b0d76304a2d66f9) Importer(815301076,1909f56bfc062723c751e8b465ee728b)
Start importing Assets/Textures/SolarSystem/space.jpg using Guid(a135b5a8722ce8f43b0d76304a2d66f9) Importer(815301076,1909f56bfc062723c751e8b465ee728b)  -> (artifact id: '052847d3ff60dd827476c1aa74e8fc75') in 0.096377 seconds 
========================================================================
Received Import Request.
  Time since last request: 758.107646 seconds.
  path: Assets/Textures/SolarSystem/moonmap1k.jpg
  artifactKey: Guid(5e36b2aacc202a741a76eb08ebb5f9d0) Importer(815301076,1909f56bfc062723c751e8b465ee728b)
Start importing Assets/Textures/SolarSystem/moonmap1k.jpg using Guid(5e36b2aacc202a741a76eb08ebb5f9d0) Importer(815301076,1909f56bfc062723c751e8b465ee728b)  -> (artifact id: '40d9a48d16be6bfcb287335473bbf865') in 0.023012 seconds 
========================================================================
Received Import Request.
  Time since last request: 7.067779 seconds.
  path: Assets/Textures/SolarSystem/moonmap1k.jpg
  artifactKey: Guid(5e36b2aacc202a741a76eb08ebb5f9d0) Importer(815301076,1909f56bfc062723c751e8b465ee728b)
Start importing Assets/Textures/SolarSystem/moonmap1k.jpg using Guid(5e36b2aacc202a741a76eb08ebb5f9d0) Importer(815301076,1909f56bfc062723c751e8b465ee728b)  -> (artifact id: 'c10cc7fafc56882a10f19e1b4f05ae6d') in 0.079915 seconds 
========================================================================
Received Import Request.
  Time since last request: 893.845528 seconds.
  path: Assets/saturn
  artifactKey: Guid(e8ab519526c5f934fb3a11ce9f6a44d3) Importer(815301076,1909f56bfc062723c751e8b465ee728b)
Start importing Assets/saturn using Guid(e8ab519526c5f934fb3a11ce9f6a44d3) Importer(815301076,1909f56bfc062723c751e8b465ee728b)  -> (artifact id: '70ab81a05d434ade64b8fa48d63c189f') in 0.011237 seconds 
========================================================================
Received Import Request.
  Time since last request: 0.751774 seconds.
  path: Assets/saturn/source
  artifactKey: Guid(f1d0c58a0f2c2904cb99444a95d3d3a6) Importer(815301076,1909f56bfc062723c751e8b465ee728b)
Start importing Assets/saturn/source using Guid(f1d0c58a0f2c2904cb99444a95d3d3a6) Importer(815301076,1909f56bfc062723c751e8b465ee728b)  -> (artifact id: '0fecac33286f893d4ad1752d30dea5a7') in 0.010594 seconds 
========================================================================
Received Import Request.
  Time since last request: 0.069632 seconds.
  path: Assets/saturn/source/Saturn.fbx
  artifactKey: Guid(3b3cc8c6612edc04fb509d3c52b10bed) Importer(815301076,1909f56bfc062723c751e8b465ee728b)
Start importing Assets/saturn/source/Saturn.fbx using Guid(3b3cc8c6612edc04fb509d3c52b10bed) Importer(815301076,1909f56bfc062723c751e8b465ee728b)  -> (artifact id: 'a13b082ec0526ecb170b0774546cffc8') in 0.300156 seconds 
========================================================================
Received Import Request.
  Time since last request: 155.502217 seconds.
  path: Assets/Materails
  artifactKey: Guid(b882ff1b641432e4286649d6d6b930b6) Importer(815301076,1909f56bfc062723c751e8b465ee728b)
Start importing Assets/Materails using Guid(b882ff1b641432e4286649d6d6b930b6) Importer(815301076,1909f56bfc062723c751e8b465ee728b)  -> (artifact id: 'ba5c79f0790c456da0e3547caa113d32') in 0.010225 seconds 
========================================================================
Received Import Request.
  Time since last request: 675.241770 seconds.
  path: Assets/Materails/Sun.mat
  artifactKey: Guid(8107f1e074f29df46846a4e873d09e9c) Importer(815301076,1909f56bfc062723c751e8b465ee728b)
Start importing Assets/Materails/Sun.mat using Guid(8107f1e074f29df46846a4e873d09e9c) Importer(815301076,1909f56bfc062723c751e8b465ee728b)  -> (artifact id: '3c1741964e788eeff5e7c6aeb8232963') in 0.051298 seconds 
========================================================================
Received Import Request.
  Time since last request: 1.627945 seconds.
  path: Assets/Materails/Sun 1.mat
  artifactKey: Guid(b8d232d49c237df4e8b6ff180fa8dbff) Importer(815301076,1909f56bfc062723c751e8b465ee728b)
Start importing Assets/Materails/Sun 1.mat using Guid(b8d232d49c237df4e8b6ff180fa8dbff) Importer(815301076,1909f56bfc062723c751e8b465ee728b)  -> (artifact id: '3d7126bb8a7a9a4b47175cee639f2485') in 0.021306 seconds 
========================================================================
Received Import Request.
  Time since last request: 10.168608 seconds.
  path: Assets/Materails/Mercury.mat
  artifactKey: Guid(b8d232d49c237df4e8b6ff180fa8dbff) Importer(815301076,1909f56bfc062723c751e8b465ee728b)
Start importing Assets/Materails/Mercury.mat using Guid(b8d232d49c237df4e8b6ff180fa8dbff) Importer(815301076,1909f56bfc062723c751e8b465ee728b)  -> (artifact id: 'ea716bc945c57347795bac8688db29b8') in 0.018403 seconds 
========================================================================
Received Import Request.
  Time since last request: 1.398428 seconds.
  path: Assets/Materails/Mercury 1.mat
  artifactKey: Guid(64d0af57c95038248abce6eb6097f7fa) Importer(815301076,1909f56bfc062723c751e8b465ee728b)
Start importing Assets/Materails/Mercury 1.mat using Guid(64d0af57c95038248abce6eb6097f7fa) Importer(815301076,1909f56bfc062723c751e8b465ee728b)  -> (artifact id: '92e96c8db0ac4499f6feea898f749051') in 0.018909 seconds 
========================================================================
Received Import Request.
  Time since last request: 6.634995 seconds.
  path: Assets/Materails/Venus.mat
  artifactKey: Guid(64d0af57c95038248abce6eb6097f7fa) Importer(815301076,1909f56bfc062723c751e8b465ee728b)
Start importing Assets/Materails/Venus.mat using Guid(64d0af57c95038248abce6eb6097f7fa) Importer(815301076,1909f56bfc062723c751e8b465ee728b)  -> (artifact id: 'af6dab6b5102281dc1226582ad426e9a') in 0.017350 seconds 
========================================================================
Received Import Request.
  Time since last request: 1.473261 seconds.
  path: Assets/Materails/Venus 1.mat
  artifactKey: Guid(e3430b6cae6e4a1459b178c362f9428e) Importer(815301076,1909f56bfc062723c751e8b465ee728b)
Start importing Assets/Materails/Venus 1.mat using Guid(e3430b6cae6e4a1459b178c362f9428e) Importer(815301076,1909f56bfc062723c751e8b465ee728b)  -> (artifact id: 'be7b147bb327e53674e967d2c85a8fe1') in 0.021424 seconds 
========================================================================
Received Import Request.
  Time since last request: 6.131163 seconds.
  path: Assets/Materails/Earth.mat
  artifactKey: Guid(e3430b6cae6e4a1459b178c362f9428e) Importer(815301076,1909f56bfc062723c751e8b465ee728b)
Start importing Assets/Materails/Earth.mat using Guid(e3430b6cae6e4a1459b178c362f9428e) Importer(815301076,1909f56bfc062723c751e8b465ee728b)  -> (artifact id: 'ce5091aa9bef54dd03398067024248ea') in 0.016519 seconds 
========================================================================
Received Import Request.
  Time since last request: 1.914301 seconds.
  path: Assets/Materails/Earth 1.mat
  artifactKey: Guid(e7dc736ed1415294d97018da5140009c) Importer(815301076,1909f56bfc062723c751e8b465ee728b)
Start importing Assets/Materails/Earth 1.mat using Guid(e7dc736ed1415294d97018da5140009c) Importer(815301076,1909f56bfc062723c751e8b465ee728b)  -> (artifact id: 'ce0c89bf46abf8c26e49f9facaed9ff7') in 0.016918 seconds 
========================================================================
Received Import Request.
  Time since last request: 5.615795 seconds.
  path: Assets/Materails/Moon.mat
  artifactKey: Guid(e7dc736ed1415294d97018da5140009c) Importer(815301076,1909f56bfc062723c751e8b465ee728b)
Start importing Assets/Materails/Moon.mat using Guid(e7dc736ed1415294d97018da5140009c) Importer(815301076,1909f56bfc062723c751e8b465ee728b)  -> (artifact id: 'e99edc9022ed4c392d936208d458b34b') in 0.015699 seconds 
========================================================================
Received Import Request.
  Time since last request: 1.206965 seconds.
  path: Assets/Materails/Moon 1.mat
  artifactKey: Guid(660ff8115242c3f4d918d01ac6be2420) Importer(815301076,1909f56bfc062723c751e8b465ee728b)
Start importing Assets/Materails/Moon 1.mat using Guid(660ff8115242c3f4d918d01ac6be2420) Importer(815301076,1909f56bfc062723c751e8b465ee728b)  -> (artifact id: '048244c7e59c462729b144ea5432ebb3') in 0.016761 seconds 
========================================================================
Received Import Request.
  Time since last request: 10.451985 seconds.
  path: Assets/Materails/Mars.mat
  artifactKey: Guid(660ff8115242c3f4d918d01ac6be2420) Importer(815301076,1909f56bfc062723c751e8b465ee728b)
Start importing Assets/Materails/Mars.mat using Guid(660ff8115242c3f4d918d01ac6be2420) Importer(815301076,1909f56bfc062723c751e8b465ee728b)  -> (artifact id: 'c75d2f39b082d4d8258e9bebb8cb40d9') in 0.017734 seconds 
========================================================================
Received Import Request.
  Time since last request: 0.866938 seconds.
  path: Assets/Materails/Mars 1.mat
  artifactKey: Guid(6a8f60b892275fb43a97a627c2aa4301) Importer(815301076,1909f56bfc062723c751e8b465ee728b)
Start importing Assets/Materails/Mars 1.mat using Guid(6a8f60b892275fb43a97a627c2aa4301) Importer(815301076,1909f56bfc062723c751e8b465ee728b)  -> (artifact id: 'af7a75c39613bbbff9614027a37636e4') in 0.020551 seconds 
========================================================================
Received Import Request.
  Time since last request: 6.884084 seconds.
  path: Assets/Materails/Jupiter.mat
  artifactKey: Guid(6a8f60b892275fb43a97a627c2aa4301) Importer(815301076,1909f56bfc062723c751e8b465ee728b)
Start importing Assets/Materails/Jupiter.mat using Guid(6a8f60b892275fb43a97a627c2aa4301) Importer(815301076,1909f56bfc062723c751e8b465ee728b)  -> (artifact id: '852a9a1277d49aaa830324760a241901') in 0.015689 seconds 
========================================================================
Received Import Request.
  Time since last request: 0.905401 seconds.
  path: Assets/Materails/Jupiter 1.mat
  artifactKey: Guid(03ae69eee2076644abee294e4572c277) Importer(815301076,1909f56bfc062723c751e8b465ee728b)
Start importing Assets/Materails/Jupiter 1.mat using Guid(03ae69eee2076644abee294e4572c277) Importer(815301076,1909f56bfc062723c751e8b465ee728b)  -> (artifact id: 'd32a5eeb78b02bc37dea4cafafc89fce') in 0.025200 seconds 
========================================================================
Received Import Request.
  Time since last request: 8.018258 seconds.
  path: Assets/Materails/Saturn.mat
  artifactKey: Guid(03ae69eee2076644abee294e4572c277) Importer(815301076,1909f56bfc062723c751e8b465ee728b)
Start importing Assets/Materails/Saturn.mat using Guid(03ae69eee2076644abee294e4572c277) Importer(815301076,1909f56bfc062723c751e8b465ee728b)  -> (artifact id: '8b79738fd59c41ab69c093c3661b94b6') in 0.014681 seconds 
========================================================================
Received Import Request.
  Time since last request: 0.898675 seconds.
  path: Assets/Materails/Saturn 1.mat
  artifactKey: Guid(2834c3e60079f19459e4ce0a1ba21967) Importer(815301076,1909f56bfc062723c751e8b465ee728b)
Start importing Assets/Materails/Saturn 1.mat using Guid(2834c3e60079f19459e4ce0a1ba21967) Importer(815301076,1909f56bfc062723c751e8b465ee728b)  -> (artifact id: 'ae55081237f2dd1553a371e0104d4198') in 0.016806 seconds 
========================================================================
Received Import Request.
  Time since last request: 5.938991 seconds.
  path: Assets/Materails/Uranus.mat
  artifactKey: Guid(2834c3e60079f19459e4ce0a1ba21967) Importer(815301076,1909f56bfc062723c751e8b465ee728b)
Start importing Assets/Materails/Uranus.mat using Guid(2834c3e60079f19459e4ce0a1ba21967) Importer(815301076,1909f56bfc062723c751e8b465ee728b)  -> (artifact id: '4292316fd15641faa462cdb9f0f4e9a2') in 0.017365 seconds 
========================================================================
Received Import Request.
  Time since last request: 0.885071 seconds.
  path: Assets/Materails/Uranus 1.mat
  artifactKey: Guid(16692293679635441bca0415d729a50a) Importer(815301076,1909f56bfc062723c751e8b465ee728b)
Start importing Assets/Materails/Uranus 1.mat using Guid(16692293679635441bca0415d729a50a) Importer(815301076,1909f56bfc062723c751e8b465ee728b)  -> (artifact id: 'e6e402efa08e8d41b8221f20a93930fb') in 0.015503 seconds 
========================================================================
Received Import Request.
  Time since last request: 6.489119 seconds.
  path: Assets/Materails/Neptune.mat
  artifactKey: Guid(16692293679635441bca0415d729a50a) Importer(815301076,1909f56bfc062723c751e8b465ee728b)
Start importing Assets/Materails/Neptune.mat using Guid(16692293679635441bca0415d729a50a) Importer(815301076,1909f56bfc062723c751e8b465ee728b)  -> (artifact id: '78f13a29f03c1d3876daba608245395d') in 0.019075 seconds 
========================================================================
Received Import Request.
  Time since last request: 729.506688 seconds.
  path: Assets/Materails/Mercury.mat
  artifactKey: Guid(b8d232d49c237df4e8b6ff180fa8dbff) Importer(815301076,1909f56bfc062723c751e8b465ee728b)
Start importing Assets/Materails/Mercury.mat using Guid(b8d232d49c237df4e8b6ff180fa8dbff) Importer(815301076,1909f56bfc062723c751e8b465ee728b)  -> (artifact id: '736c5dc1857de0f3522957427dde4e2b') in 0.040610 seconds 
========================================================================
Received Import Request.
  Time since last request: 438.488104 seconds.
  path: Assets/Scripts
  artifactKey: Guid(0d8d56c566933ae46b5429292d597074) Importer(815301076,1909f56bfc062723c751e8b465ee728b)
Start importing Assets/Scripts using Guid(0d8d56c566933ae46b5429292d597074) Importer(815301076,1909f56bfc062723c751e8b465ee728b)  -> (artifact id: '8f532bf9834f53c2e6b6ed21c656c148') in 0.011883 seconds 
========================================================================
Received Import Request.
  Time since last request: 7.881322 seconds.
  path: Assets/Scripts/Rotate.cs
  artifactKey: Guid(18e1598887a950743bad1c753e3f16f3) Importer(815301076,1909f56bfc062723c751e8b465ee728b)
Start importing Assets/Scripts/Rotate.cs using Guid(18e1598887a950743bad1c753e3f16f3) Importer(815301076,1909f56bfc062723c751e8b465ee728b)  -> (artifact id: '538d6927ce535b28bf0d076f2cdd1d92') in 0.013998 seconds 
========================================================================
Received Import Request.
  Time since last request: 53.845524 seconds.
  path: Assets/Scripts/Rotate.cs
  artifactKey: Guid(18e1598887a950743bad1c753e3f16f3) Importer(815301076,1909f56bfc062723c751e8b465ee728b)
Start importing Assets/Scripts/Rotate.cs using Guid(18e1598887a950743bad1c753e3f16f3) Importer(815301076,1909f56bfc062723c751e8b465ee728b)  -> (artifact id: 'b263572430243037935e88c376a78ba1') in 0.002290 seconds 
========================================================================
Received Prepare
Registering precompiled user dll's ...
Registered in 0.005371 seconds.
Begin MonoManager ReloadAssembly
Symbol file LoadedFromMemory doesn't match image C:\Users\Sinem KADAKAL\Desktop\Unity\Week3\Library\PackageCache\com.unity.visualscripting@1.8.0\Editor\VisualScripting.Core\Dependencies\YamlDotNet\Unity.VisualScripting.YamlDotNet.dll
Symbol file LoadedFromMemory doesn't match image C:\Users\Sinem KADAKAL\Desktop\Unity\Week3\Library\PackageCache\com.unity.visualscripting@1.8.0\Editor\VisualScripting.Core\Dependencies\DotNetZip\Unity.VisualScripting.IonicZip.dll
Native extension for WindowsStandalone target not found
Refreshing native plugins compatible for Editor in 0.48 ms, found 3 plugins.
Preloading 0 native plugins for Editor in 0.00 ms.
Mono: successfully reloaded assembly
- Completed reload, in  1.276 seconds
Domain Reload Profiling:
	ReloadAssembly (1276ms)
		BeginReloadAssembly (285ms)
			ExecutionOrderSort (0ms)
			DisableScriptedObjects (7ms)
			BackupInstance (0ms)
			ReleaseScriptingObjects (0ms)
			CreateAndSetChildDomain (123ms)
		EndReloadAssembly (855ms)
			LoadAssemblies (136ms)
			RebuildTransferFunctionScriptingTraits (0ms)
			SetupTypeCache (363ms)
			ReleaseScriptCaches (1ms)
			RebuildScriptCaches (42ms)
			SetupLoadedEditorAssemblies (297ms)
				LogAssemblyErrors (0ms)
				InitializePlatformSupportModulesInManaged (6ms)
				SetLoadedEditorAssemblies (1ms)
				RefreshPlugins (1ms)
				BeforeProcessingInitializeOnLoad (63ms)
				ProcessInitializeOnLoadAttributes (197ms)
				ProcessInitializeOnLoadMethodAttributes (20ms)
				AfterProcessingInitializeOnLoad (9ms)
				EditorAssembliesLoaded (0ms)
			ExecutionOrderSort2 (0ms)
			AwakeInstancesAfterBackupRestoration (7ms)
Platform modules already initialized, skipping
Refreshing native plugins compatible for Editor in 2.35 ms, found 3 plugins.
Preloading 0 native plugins for Editor in 0.00 ms.
Unloading 3042 Unused Serialized files (Serialized files now loaded: 0)
Unloading 17 unused Assets / (79.9 KB). Loaded Objects now: 3563.
Memory consumption went from 112.2 MB to 112.1 MB.
Total: 2.971500 ms (FindLiveObjects: 0.230600 ms CreateObjectMapping: 0.138800 ms MarkObjects: 2.521600 ms  DeleteObjects: 0.079900 ms)

AssetImportParameters requested are different than current active one (requested -> active):
  custom:video-decoder-ogg-theora: a1e56fd34408186e4bbccfd4996cb3dc -> 
  custom:container-muxer-webm: aa71ff27fc2769a1b78a27578f13a17b -> 
  custom:container-demuxer-webm: 4f35f7cbe854078d1ac9338744f61a02 -> 
  custom:video-encoder-webm-vp8: eb34c28f22e8b96e1ab97ce403110664 -> 
  custom:video-codec-MediaFoundation-h265: 746d11721c4dcdbdad8f713fa42b33f4 -> 
  custom:audio-encoder-webm-vorbis: bf7c407c2cedff20999df2af8eb42d56 -> 
  custom:framework-win-MediaFoundation: 216162199b28c13a410421893ffa2e32 -> 
  custom:container-demuxer-ogg: 62fdf1f143b41e24485cea50d1cbac27 -> 
  custom:video-decoder-webm-vp8: 9c59270c3fd7afecdb556c50c9e8de78 -> 
  custom:audio-decoder-ogg-vorbis: bf7c407c2cedff20999df2af8eb42d56 -> 
========================================================================
Received Prepare
Registering precompiled user dll's ...
Registered in 0.006296 seconds.
Begin MonoManager ReloadAssembly
Symbol file LoadedFromMemory doesn't match image C:\Users\Sinem KADAKAL\Desktop\Unity\Week3\Library\PackageCache\com.unity.visualscripting@1.8.0\Editor\VisualScripting.Core\Dependencies\YamlDotNet\Unity.VisualScripting.YamlDotNet.dll
Symbol file LoadedFromMemory doesn't match image C:\Users\Sinem KADAKAL\Desktop\Unity\Week3\Library\PackageCache\com.unity.visualscripting@1.8.0\Editor\VisualScripting.Core\Dependencies\DotNetZip\Unity.VisualScripting.IonicZip.dll
Native extension for WindowsStandalone target not found
Refreshing native plugins compatible for Editor in 0.53 ms, found 3 plugins.
Preloading 0 native plugins for Editor in 0.00 ms.
Mono: successfully reloaded assembly
- Completed reload, in  1.395 seconds
Domain Reload Profiling:
	ReloadAssembly (1396ms)
		BeginReloadAssembly (176ms)
			ExecutionOrderSort (0ms)
			DisableScriptedObjects (7ms)
			BackupInstance (0ms)
			ReleaseScriptingObjects (0ms)
			CreateAndSetChildDomain (38ms)
		EndReloadAssembly (1091ms)
			LoadAssemblies (101ms)
			RebuildTransferFunctionScriptingTraits (0ms)
			SetupTypeCache (382ms)
			ReleaseScriptCaches (2ms)
			RebuildScriptCaches (91ms)
			SetupLoadedEditorAssemblies (413ms)
				LogAssemblyErrors (0ms)
				InitializePlatformSupportModulesInManaged (7ms)
				SetLoadedEditorAssemblies (1ms)
				RefreshPlugins (1ms)
				BeforeProcessingInitializeOnLoad (82ms)
				ProcessInitializeOnLoadAttributes (284ms)
				ProcessInitializeOnLoadMethodAttributes (28ms)
				AfterProcessingInitializeOnLoad (10ms)
				EditorAssembliesLoaded (0ms)
			ExecutionOrderSort2 (0ms)
			AwakeInstancesAfterBackupRestoration (10ms)
Platform modules already initialized, skipping
Refreshing native plugins compatible for Editor in 2.08 ms, found 3 plugins.
Preloading 0 native plugins for Editor in 0.00 ms.
Unloading 3042 Unused Serialized files (Serialized files now loaded: 0)
Unloading 17 unused Assets / (79.9 KB). Loaded Objects now: 3566.
Memory consumption went from 112.2 MB to 112.1 MB.
Total: 3.094900 ms (FindLiveObjects: 0.239700 ms CreateObjectMapping: 0.144800 ms MarkObjects: 2.623300 ms  DeleteObjects: 0.086200 ms)

AssetImportParameters requested are different than current active one (requested -> active):
  custom:video-decoder-ogg-theora: a1e56fd34408186e4bbccfd4996cb3dc -> 
  custom:container-muxer-webm: aa71ff27fc2769a1b78a27578f13a17b -> 
  custom:container-demuxer-webm: 4f35f7cbe854078d1ac9338744f61a02 -> 
  custom:video-encoder-webm-vp8: eb34c28f22e8b96e1ab97ce403110664 -> 
  custom:video-codec-MediaFoundation-h265: 746d11721c4dcdbdad8f713fa42b33f4 -> 
  custom:audio-encoder-webm-vorbis: bf7c407c2cedff20999df2af8eb42d56 -> 
  custom:framework-win-MediaFoundation: 216162199b28c13a410421893ffa2e32 -> 
  custom:container-demuxer-ogg: 62fdf1f143b41e24485cea50d1cbac27 -> 
  custom:video-decoder-webm-vp8: 9c59270c3fd7afecdb556c50c9e8de78 -> 
  custom:audio-decoder-ogg-vorbis: bf7c407c2cedff20999df2af8eb42d56 -> 
========================================================================
Received Prepare
Registering precompiled user dll's ...
Registered in 0.006924 seconds.
Begin MonoManager ReloadAssembly
Symbol file LoadedFromMemory doesn't match image C:\Users\Sinem KADAKAL\Desktop\Unity\Week3\Library\PackageCache\com.unity.visualscripting@1.8.0\Editor\VisualScripting.Core\Dependencies\YamlDotNet\Unity.VisualScripting.YamlDotNet.dll
Symbol file LoadedFromMemory doesn't match image C:\Users\Sinem KADAKAL\Desktop\Unity\Week3\Library\PackageCache\com.unity.visualscripting@1.8.0\Editor\VisualScripting.Core\Dependencies\DotNetZip\Unity.VisualScripting.IonicZip.dll
Native extension for WindowsStandalone target not found
Refreshing native plugins compatible for Editor in 0.89 ms, found 3 plugins.
Preloading 0 native plugins for Editor in 0.00 ms.
Mono: successfully reloaded assembly
- Completed reload, in  1.327 seconds
Domain Reload Profiling:
	ReloadAssembly (1328ms)
		BeginReloadAssembly (147ms)
			ExecutionOrderSort (0ms)
			DisableScriptedObjects (6ms)
			BackupInstance (0ms)
			ReleaseScriptingObjects (0ms)
			CreateAndSetChildDomain (36ms)
		EndReloadAssembly (1066ms)
			LoadAssemblies (94ms)
			RebuildTransferFunctionScriptingTraits (0ms)
			SetupTypeCache (347ms)
			ReleaseScriptCaches (1ms)
			RebuildScriptCaches (60ms)
			SetupLoadedEditorAssemblies (499ms)
				LogAssemblyErrors (0ms)
				InitializePlatformSupportModulesInManaged (7ms)
				SetLoadedEditorAssemblies (1ms)
				RefreshPlugins (1ms)
				BeforeProcessingInitializeOnLoad (86ms)
				ProcessInitializeOnLoadAttributes (366ms)
				ProcessInitializeOnLoadMethodAttributes (27ms)
				AfterProcessingInitializeOnLoad (11ms)
				EditorAssembliesLoaded (0ms)
			ExecutionOrderSort2 (0ms)
			AwakeInstancesAfterBackupRestoration (9ms)
Platform modules already initialized, skipping
Refreshing native plugins compatible for Editor in 1.92 ms, found 3 plugins.
Preloading 0 native plugins for Editor in 0.00 ms.
Unloading 3042 Unused Serialized files (Serialized files now loaded: 0)
Unloading 17 unused Assets / (79.8 KB). Loaded Objects now: 3569.
Memory consumption went from 112.2 MB to 112.2 MB.
Total: 3.032300 ms (FindLiveObjects: 0.282600 ms CreateObjectMapping: 0.216100 ms MarkObjects: 2.449400 ms  DeleteObjects: 0.083000 ms)

AssetImportParameters requested are different than current active one (requested -> active):
  custom:video-decoder-ogg-theora: a1e56fd34408186e4bbccfd4996cb3dc -> 
  custom:container-muxer-webm: aa71ff27fc2769a1b78a27578f13a17b -> 
  custom:container-demuxer-webm: 4f35f7cbe854078d1ac9338744f61a02 -> 
  custom:video-encoder-webm-vp8: eb34c28f22e8b96e1ab97ce403110664 -> 
  custom:video-codec-MediaFoundation-h265: 746d11721c4dcdbdad8f713fa42b33f4 -> 
  custom:audio-encoder-webm-vorbis: bf7c407c2cedff20999df2af8eb42d56 -> 
  custom:framework-win-MediaFoundation: 216162199b28c13a410421893ffa2e32 -> 
  custom:container-demuxer-ogg: 62fdf1f143b41e24485cea50d1cbac27 -> 
  custom:video-decoder-webm-vp8: 9c59270c3fd7afecdb556c50c9e8de78 -> 
  custom:audio-decoder-ogg-vorbis: bf7c407c2cedff20999df2af8eb42d56 -> 
========================================================================
Received Prepare
Registering precompiled user dll's ...
Registered in 0.006236 seconds.
Begin MonoManager ReloadAssembly
Symbol file LoadedFromMemory doesn't match image C:\Users\Sinem KADAKAL\Desktop\Unity\Week3\Library\PackageCache\com.unity.visualscripting@1.8.0\Editor\VisualScripting.Core\Dependencies\YamlDotNet\Unity.VisualScripting.YamlDotNet.dll
Symbol file LoadedFromMemory doesn't match image C:\Users\Sinem KADAKAL\Desktop\Unity\Week3\Library\PackageCache\com.unity.visualscripting@1.8.0\Editor\VisualScripting.Core\Dependencies\DotNetZip\Unity.VisualScripting.IonicZip.dll
Native extension for WindowsStandalone target not found
Refreshing native plugins compatible for Editor in 0.68 ms, found 3 plugins.
Preloading 0 native plugins for Editor in 0.00 ms.
Mono: successfully reloaded assembly
- Completed reload, in  1.124 seconds
Domain Reload Profiling:
	ReloadAssembly (1125ms)
		BeginReloadAssembly (165ms)
			ExecutionOrderSort (0ms)
			DisableScriptedObjects (6ms)
			BackupInstance (0ms)
			ReleaseScriptingObjects (0ms)
			CreateAndSetChildDomain (39ms)
		EndReloadAssembly (840ms)
			LoadAssemblies (101ms)
			RebuildTransferFunctionScriptingTraits (0ms)
			SetupTypeCache (354ms)
			ReleaseScriptCaches (1ms)
			RebuildScriptCaches (48ms)
			SetupLoadedEditorAssemblies (314ms)
				LogAssemblyErrors (0ms)
				InitializePlatformSupportModulesInManaged (6ms)
				SetLoadedEditorAssemblies (1ms)
				RefreshPlugins (1ms)
				BeforeProcessingInitializeOnLoad (68ms)
				ProcessInitializeOnLoadAttributes (213ms)
				ProcessInitializeOnLoadMethodAttributes (18ms)
				AfterProcessingInitializeOnLoad (7ms)
				EditorAssembliesLoaded (0ms)
			ExecutionOrderSort2 (0ms)
			AwakeInstancesAfterBackupRestoration (7ms)
Platform modules already initialized, skipping
Refreshing native plugins compatible for Editor in 1.53 ms, found 3 plugins.
Preloading 0 native plugins for Editor in 0.00 ms.
Unloading 3042 Unused Serialized files (Serialized files now loaded: 0)
Unloading 17 unused Assets / (79.8 KB). Loaded Objects now: 3572.
Memory consumption went from 112.2 MB to 112.2 MB.
Total: 2.578700 ms (FindLiveObjects: 0.214900 ms CreateObjectMapping: 0.128700 ms MarkObjects: 2.162700 ms  DeleteObjects: 0.071600 ms)

AssetImportParameters requested are different than current active one (requested -> active):
  custom:video-decoder-ogg-theora: a1e56fd34408186e4bbccfd4996cb3dc -> 
  custom:container-muxer-webm: aa71ff27fc2769a1b78a27578f13a17b -> 
  custom:container-demuxer-webm: 4f35f7cbe854078d1ac9338744f61a02 -> 
  custom:video-encoder-webm-vp8: eb34c28f22e8b96e1ab97ce403110664 -> 
  custom:video-codec-MediaFoundation-h265: 746d11721c4dcdbdad8f713fa42b33f4 -> 
  custom:audio-encoder-webm-vorbis: bf7c407c2cedff20999df2af8eb42d56 -> 
  custom:framework-win-MediaFoundation: 216162199b28c13a410421893ffa2e32 -> 
  custom:container-demuxer-ogg: 62fdf1f143b41e24485cea50d1cbac27 -> 
  custom:video-decoder-webm-vp8: 9c59270c3fd7afecdb556c50c9e8de78 -> 
  custom:audio-decoder-ogg-vorbis: bf7c407c2cedff20999df2af8eb42d56 -> 
========================================================================
Received Prepare
Registering precompiled user dll's ...
Registered in 0.007502 seconds.
Begin MonoManager ReloadAssembly
Symbol file LoadedFromMemory doesn't match image C:\Users\Sinem KADAKAL\Desktop\Unity\Week3\Library\PackageCache\com.unity.visualscripting@1.8.0\Editor\VisualScripting.Core\Dependencies\YamlDotNet\Unity.VisualScripting.YamlDotNet.dll
Symbol file LoadedFromMemory doesn't match image C:\Users\Sinem KADAKAL\Desktop\Unity\Week3\Library\PackageCache\com.unity.visualscripting@1.8.0\Editor\VisualScripting.Core\Dependencies\DotNetZip\Unity.VisualScripting.IonicZip.dll
Native extension for WindowsStandalone target not found
Refreshing native plugins compatible for Editor in 0.52 ms, found 3 plugins.
Preloading 0 native plugins for Editor in 0.00 ms.
Mono: successfully reloaded assembly
- Completed reload, in  1.251 seconds
Domain Reload Profiling:
	ReloadAssembly (1252ms)
		BeginReloadAssembly (153ms)
			ExecutionOrderSort (0ms)
			DisableScriptedObjects (5ms)
			BackupInstance (0ms)
			ReleaseScriptingObjects (0ms)
			CreateAndSetChildDomain (39ms)
		EndReloadAssembly (971ms)
			LoadAssemblies (97ms)
			RebuildTransferFunctionScriptingTraits (0ms)
			SetupTypeCache (358ms)
			ReleaseScriptCaches (2ms)
			RebuildScriptCaches (57ms)
			SetupLoadedEditorAssemblies (402ms)
				LogAssemblyErrors (0ms)
				InitializePlatformSupportModulesInManaged (7ms)
				SetLoadedEditorAssemblies (1ms)
				RefreshPlugins (1ms)
				BeforeProcessingInitializeOnLoad (86ms)
				ProcessInitializeOnLoadAttributes (266ms)
				ProcessInitializeOnLoadMethodAttributes (30ms)
				AfterProcessingInitializeOnLoad (10ms)
				EditorAssembliesLoaded (0ms)
			ExecutionOrderSort2 (0ms)
			AwakeInstancesAfterBackupRestoration (9ms)
Platform modules already initialized, skipping
Refreshing native plugins compatible for Editor in 2.86 ms, found 3 plugins.
Preloading 0 native plugins for Editor in 0.00 ms.
Unloading 3042 Unused Serialized files (Serialized files now loaded: 0)
Unloading 17 unused Assets / (79.9 KB). Loaded Objects now: 3575.
Memory consumption went from 112.3 MB to 112.2 MB.
Total: 3.745000 ms (FindLiveObjects: 0.224500 ms CreateObjectMapping: 0.191000 ms MarkObjects: 3.213100 ms  DeleteObjects: 0.115300 ms)

AssetImportParameters requested are different than current active one (requested -> active):
  custom:video-decoder-ogg-theora: a1e56fd34408186e4bbccfd4996cb3dc -> 
  custom:container-muxer-webm: aa71ff27fc2769a1b78a27578f13a17b -> 
  custom:container-demuxer-webm: 4f35f7cbe854078d1ac9338744f61a02 -> 
  custom:video-encoder-webm-vp8: eb34c28f22e8b96e1ab97ce403110664 -> 
  custom:video-codec-MediaFoundation-h265: 746d11721c4dcdbdad8f713fa42b33f4 -> 
  custom:audio-encoder-webm-vorbis: bf7c407c2cedff20999df2af8eb42d56 -> 
  custom:framework-win-MediaFoundation: 216162199b28c13a410421893ffa2e32 -> 
  custom:container-demuxer-ogg: 62fdf1f143b41e24485cea50d1cbac27 -> 
  custom:video-decoder-webm-vp8: 9c59270c3fd7afecdb556c50c9e8de78 -> 
  custom:audio-decoder-ogg-vorbis: bf7c407c2cedff20999df2af8eb42d56 -> 
========================================================================
Received Prepare
Registering precompiled user dll's ...
Registered in 0.005653 seconds.
Begin MonoManager ReloadAssembly
Symbol file LoadedFromMemory doesn't match image C:\Users\Sinem KADAKAL\Desktop\Unity\Week3\Library\PackageCache\com.unity.visualscripting@1.8.0\Editor\VisualScripting.Core\Dependencies\YamlDotNet\Unity.VisualScripting.YamlDotNet.dll
Symbol file LoadedFromMemory doesn't match image C:\Users\Sinem KADAKAL\Desktop\Unity\Week3\Library\PackageCache\com.unity.visualscripting@1.8.0\Editor\VisualScripting.Core\Dependencies\DotNetZip\Unity.VisualScripting.IonicZip.dll
Native extension for WindowsStandalone target not found
Refreshing native plugins compatible for Editor in 0.83 ms, found 3 plugins.
Preloading 0 native plugins for Editor in 0.00 ms.
Mono: successfully reloaded assembly
- Completed reload, in  1.181 seconds
Domain Reload Profiling:
	ReloadAssembly (1182ms)
		BeginReloadAssembly (155ms)
			ExecutionOrderSort (0ms)
			DisableScriptedObjects (8ms)
			BackupInstance (0ms)
			ReleaseScriptingObjects (0ms)
			CreateAndSetChildDomain (34ms)
		EndReloadAssembly (921ms)
			LoadAssemblies (108ms)
			RebuildTransferFunctionScriptingTraits (0ms)
			SetupTypeCache (296ms)
			ReleaseScriptCaches (1ms)
			RebuildScriptCaches (57ms)
			SetupLoadedEditorAssemblies (404ms)
				LogAssemblyErrors (0ms)
				InitializePlatformSupportModulesInManaged (7ms)
				SetLoadedEditorAssemblies (1ms)
				RefreshPlugins (1ms)
				BeforeProcessingInitializeOnLoad (88ms)
				ProcessInitializeOnLoadAttributes (271ms)
				ProcessInitializeOnLoadMethodAttributes (25ms)
				AfterProcessingInitializeOnLoad (11ms)
				EditorAssembliesLoaded (0ms)
			ExecutionOrderSort2 (0ms)
			AwakeInstancesAfterBackupRestoration (10ms)
Platform modules already initialized, skipping
Refreshing native plugins compatible for Editor in 2.32 ms, found 3 plugins.
Preloading 0 native plugins for Editor in 0.00 ms.
Unloading 3042 Unused Serialized files (Serialized files now loaded: 0)
Unloading 17 unused Assets / (79.9 KB). Loaded Objects now: 3578.
Memory consumption went from 112.3 MB to 112.2 MB.
Total: 3.381600 ms (FindLiveObjects: 0.250200 ms CreateObjectMapping: 0.159600 ms MarkObjects: 2.851900 ms  DeleteObjects: 0.118400 ms)

AssetImportParameters requested are different than current active one (requested -> active):
  custom:video-decoder-ogg-theora: a1e56fd34408186e4bbccfd4996cb3dc -> 
  custom:container-muxer-webm: aa71ff27fc2769a1b78a27578f13a17b -> 
  custom:container-demuxer-webm: 4f35f7cbe854078d1ac9338744f61a02 -> 
  custom:video-encoder-webm-vp8: eb34c28f22e8b96e1ab97ce403110664 -> 
  custom:video-codec-MediaFoundation-h265: 746d11721c4dcdbdad8f713fa42b33f4 -> 
  custom:audio-encoder-webm-vorbis: bf7c407c2cedff20999df2af8eb42d56 -> 
  custom:framework-win-MediaFoundation: 216162199b28c13a410421893ffa2e32 -> 
  custom:container-demuxer-ogg: 62fdf1f143b41e24485cea50d1cbac27 -> 
  custom:video-decoder-webm-vp8: 9c59270c3fd7afecdb556c50c9e8de78 -> 
  custom:audio-decoder-ogg-vorbis: bf7c407c2cedff20999df2af8eb42d56 -> 
========================================================================
Received Prepare
Registering precompiled user dll's ...
Registered in 0.007319 seconds.
Begin MonoManager ReloadAssembly
Symbol file LoadedFromMemory doesn't match image C:\Users\Sinem KADAKAL\Desktop\Unity\Week3\Library\PackageCache\com.unity.visualscripting@1.8.0\Editor\VisualScripting.Core\Dependencies\YamlDotNet\Unity.VisualScripting.YamlDotNet.dll
Symbol file LoadedFromMemory doesn't match image C:\Users\Sinem KADAKAL\Desktop\Unity\Week3\Library\PackageCache\com.unity.visualscripting@1.8.0\Editor\VisualScripting.Core\Dependencies\DotNetZip\Unity.VisualScripting.IonicZip.dll
Native extension for WindowsStandalone target not found
Refreshing native plugins compatible for Editor in 0.68 ms, found 3 plugins.
Preloading 0 native plugins for Editor in 0.00 ms.
Mono: successfully reloaded assembly
- Completed reload, in  1.149 seconds
Domain Reload Profiling:
	ReloadAssembly (1150ms)
		BeginReloadAssembly (147ms)
			ExecutionOrderSort (0ms)
			DisableScriptedObjects (6ms)
			BackupInstance (0ms)
			ReleaseScriptingObjects (0ms)
			CreateAndSetChildDomain (33ms)
		EndReloadAssembly (896ms)
			LoadAssemblies (97ms)
			RebuildTransferFunctionScriptingTraits (0ms)
			SetupTypeCache (325ms)
			ReleaseScriptCaches (1ms)
			RebuildScriptCaches (48ms)
			SetupLoadedEditorAssemblies (365ms)
				LogAssemblyErrors (0ms)
				InitializePlatformSupportModulesInManaged (8ms)
				SetLoadedEditorAssemblies (1ms)
				RefreshPlugins (1ms)
				BeforeProcessingInitializeOnLoad (85ms)
				ProcessInitializeOnLoadAttributes (236ms)
				ProcessInitializeOnLoadMethodAttributes (25ms)
				AfterProcessingInitializeOnLoad (9ms)
				EditorAssembliesLoaded (0ms)
			ExecutionOrderSort2 (0ms)
			AwakeInstancesAfterBackupRestoration (8ms)
Platform modules already initialized, skipping
Refreshing native plugins compatible for Editor in 2.56 ms, found 3 plugins.
Preloading 0 native plugins for Editor in 0.00 ms.
Unloading 3042 Unused Serialized files (Serialized files now loaded: 0)
Unloading 17 unused Assets / (79.8 KB). Loaded Objects now: 3581.
Memory consumption went from 112.3 MB to 112.2 MB.
Total: 3.053900 ms (FindLiveObjects: 0.226900 ms CreateObjectMapping: 0.133800 ms MarkObjects: 2.606900 ms  DeleteObjects: 0.085300 ms)

AssetImportParameters requested are different than current active one (requested -> active):
  custom:video-decoder-ogg-theora: a1e56fd34408186e4bbccfd4996cb3dc -> 
  custom:container-muxer-webm: aa71ff27fc2769a1b78a27578f13a17b -> 
  custom:container-demuxer-webm: 4f35f7cbe854078d1ac9338744f61a02 -> 
  custom:video-encoder-webm-vp8: eb34c28f22e8b96e1ab97ce403110664 -> 
  custom:video-codec-MediaFoundation-h265: 746d11721c4dcdbdad8f713fa42b33f4 -> 
  custom:audio-encoder-webm-vorbis: bf7c407c2cedff20999df2af8eb42d56 -> 
  custom:framework-win-MediaFoundation: 216162199b28c13a410421893ffa2e32 -> 
  custom:container-demuxer-ogg: 62fdf1f143b41e24485cea50d1cbac27 -> 
  custom:video-decoder-webm-vp8: 9c59270c3fd7afecdb556c50c9e8de78 -> 
  custom:audio-decoder-ogg-vorbis: bf7c407c2cedff20999df2af8eb42d56 -> 
========================================================================
Received Import Request.
  Time since last request: 1201.963448 seconds.
  path: Assets/Materails/Earth.mat
  artifactKey: Guid(e3430b6cae6e4a1459b178c362f9428e) Importer(815301076,1909f56bfc062723c751e8b465ee728b)
Start importing Assets/Materails/Earth.mat using Guid(e3430b6cae6e4a1459b178c362f9428e) Importer(815301076,1909f56bfc062723c751e8b465ee728b)  -> (artifact id: '2c66056085908408b9680181a18a1e3f') in 0.098077 seconds 
========================================================================
Received Import Request.
  Time since last request: 0.000020 seconds.
  path: Assets/Materails/Neptune.mat
  artifactKey: Guid(16692293679635441bca0415d729a50a) Importer(815301076,1909f56bfc062723c751e8b465ee728b)
Start importing Assets/Materails/Neptune.mat using Guid(16692293679635441bca0415d729a50a) Importer(815301076,1909f56bfc062723c751e8b465ee728b)  -> (artifact id: '3e9cb316780ff9b6ffd9a6ba6ff3078b') in 0.034588 seconds 
========================================================================
Received Import Request.
  Time since last request: 0.000025 seconds.
  path: Assets/Materails/Venus.mat
  artifactKey: Guid(64d0af57c95038248abce6eb6097f7fa) Importer(815301076,1909f56bfc062723c751e8b465ee728b)
Start importing Assets/Materails/Venus.mat using Guid(64d0af57c95038248abce6eb6097f7fa) Importer(815301076,1909f56bfc062723c751e8b465ee728b)  -> (artifact id: 'f69a975b050ff578e79fe823cc29623a') in 0.029928 seconds 
========================================================================
Received Import Request.
  Time since last request: 0.000027 seconds.
  path: Assets/Materails/Moon.mat
  artifactKey: Guid(e7dc736ed1415294d97018da5140009c) Importer(815301076,1909f56bfc062723c751e8b465ee728b)
Start importing Assets/Materails/Moon.mat using Guid(e7dc736ed1415294d97018da5140009c) Importer(815301076,1909f56bfc062723c751e8b465ee728b)  -> (artifact id: 'd6e5239a8398df2f3d0f680ef835b7ff') in 0.028046 seconds 
========================================================================
Received Import Request.
  Time since last request: 6.075356 seconds.
  path: Assets/Materails/Sky.mat
  artifactKey: Guid(75dec12f385703a4186ef5e2cb0e870d) Importer(815301076,1909f56bfc062723c751e8b465ee728b)
Start importing Assets/Materails/Sky.mat using Guid(75dec12f385703a4186ef5e2cb0e870d) Importer(815301076,1909f56bfc062723c751e8b465ee728b)  -> (artifact id: 'ab046539816624896cb6269eb7741015') in 0.017341 seconds 
========================================================================
Received Import Request.
  Time since last request: 127.783718 seconds.
  path: Assets/Textures/SolarSystem/2k_stars_milky_way.jpg
  artifactKey: Guid(b6b6e74611a02a443bef287d76e4ba36) Importer(815301076,1909f56bfc062723c751e8b465ee728b)
Start importing Assets/Textures/SolarSystem/2k_stars_milky_way.jpg using Guid(b6b6e74611a02a443bef287d76e4ba36) Importer(815301076,1909f56bfc062723c751e8b465ee728b)  -> (artifact id: 'c92ddb92ff48c26a5033b1a8c4deef01') in 0.035424 seconds 
========================================================================
Received Import Request.
  Time since last request: 7.518590 seconds.
  path: Assets/Textures/SolarSystem/2k_stars_milky_way 1.jpg
  artifactKey: Guid(e65435f1c8e7a974ba27d0d28dc7b96b) Importer(815301076,1909f56bfc062723c751e8b465ee728b)
Start importing Assets/Textures/SolarSystem/2k_stars_milky_way 1.jpg using Guid(e65435f1c8e7a974ba27d0d28dc7b96b) Importer(815301076,1909f56bfc062723c751e8b465ee728b)  -> (artifact id: 'a81a35f2b50c0f052679c35c2c33d79f') in 0.018765 seconds 
========================================================================
Received Import Request.
  Time since last request: 11.949485 seconds.
  path: Assets/Textures/SolarSystem/2k_stars_milky_way 1.jpg
  artifactKey: Guid(e65435f1c8e7a974ba27d0d28dc7b96b) Importer(815301076,1909f56bfc062723c751e8b465ee728b)
Start importing Assets/Textures/SolarSystem/2k_stars_milky_way 1.jpg using Guid(e65435f1c8e7a974ba27d0d28dc7b96b) Importer(815301076,1909f56bfc062723c751e8b465ee728b)  -> (artifact id: '89dbc5fe79be4e0a34d52e11425310c7') in 0.191236 seconds 
========================================================================
Received Prepare
Registering precompiled user dll's ...
Registered in 0.006134 seconds.
Begin MonoManager ReloadAssembly
Symbol file LoadedFromMemory doesn't match image C:\Users\Sinem KADAKAL\Desktop\Unity\Week3\Library\PackageCache\com.unity.visualscripting@1.8.0\Editor\VisualScripting.Core\Dependencies\YamlDotNet\Unity.VisualScripting.YamlDotNet.dll
Symbol file LoadedFromMemory doesn't match image C:\Users\Sinem KADAKAL\Desktop\Unity\Week3\Library\PackageCache\com.unity.visualscripting@1.8.0\Editor\VisualScripting.Core\Dependencies\DotNetZip\Unity.VisualScripting.IonicZip.dll
Native extension for WindowsStandalone target not found
Refreshing native plugins compatible for Editor in 0.88 ms, found 3 plugins.
Preloading 0 native plugins for Editor in 0.00 ms.
Mono: successfully reloaded assembly
- Completed reload, in  1.252 seconds
Domain Reload Profiling:
	ReloadAssembly (1253ms)
		BeginReloadAssembly (153ms)
			ExecutionOrderSort (0ms)
			DisableScriptedObjects (5ms)
			BackupInstance (0ms)
			ReleaseScriptingObjects (0ms)
			CreateAndSetChildDomain (33ms)
		EndReloadAssembly (989ms)
			LoadAssemblies (118ms)
			RebuildTransferFunctionScriptingTraits (0ms)
			SetupTypeCache (364ms)
			ReleaseScriptCaches (2ms)
			RebuildScriptCaches (56ms)
			SetupLoadedEditorAssemblies (396ms)
				LogAssemblyErrors (0ms)
				InitializePlatformSupportModulesInManaged (7ms)
				SetLoadedEditorAssemblies (1ms)
				RefreshPlugins (1ms)
				BeforeProcessingInitializeOnLoad (81ms)
				ProcessInitializeOnLoadAttributes (271ms)
				ProcessInitializeOnLoadMethodAttributes (25ms)
				AfterProcessingInitializeOnLoad (10ms)
				EditorAssembliesLoaded (0ms)
			ExecutionOrderSort2 (0ms)
			AwakeInstancesAfterBackupRestoration (10ms)
Platform modules already initialized, skipping
Refreshing native plugins compatible for Editor in 2.91 ms, found 3 plugins.
Preloading 0 native plugins for Editor in 0.00 ms.
Unloading 3042 Unused Serialized files (Serialized files now loaded: 0)
Unloading 17 unused Assets / (79.8 KB). Loaded Objects now: 3584.
Memory consumption went from 112.3 MB to 112.2 MB.
Total: 4.015200 ms (FindLiveObjects: 0.406400 ms CreateObjectMapping: 0.348600 ms MarkObjects: 3.169900 ms  DeleteObjects: 0.089400 ms)

AssetImportParameters requested are different than current active one (requested -> active):
  custom:video-decoder-ogg-theora: a1e56fd34408186e4bbccfd4996cb3dc -> 
  custom:container-muxer-webm: aa71ff27fc2769a1b78a27578f13a17b -> 
  custom:container-demuxer-webm: 4f35f7cbe854078d1ac9338744f61a02 -> 
  custom:video-encoder-webm-vp8: eb34c28f22e8b96e1ab97ce403110664 -> 
  custom:video-codec-MediaFoundation-h265: 746d11721c4dcdbdad8f713fa42b33f4 -> 
  custom:audio-encoder-webm-vorbis: bf7c407c2cedff20999df2af8eb42d56 -> 
  custom:framework-win-MediaFoundation: 216162199b28c13a410421893ffa2e32 -> 
  custom:container-demuxer-ogg: 62fdf1f143b41e24485cea50d1cbac27 -> 
  custom:video-decoder-webm-vp8: 9c59270c3fd7afecdb556c50c9e8de78 -> 
  custom:audio-decoder-ogg-vorbis: bf7c407c2cedff20999df2af8eb42d56 -> 
========================================================================
Received Prepare
Registering precompiled user dll's ...
Registered in 0.007513 seconds.
Begin MonoManager ReloadAssembly
Symbol file LoadedFromMemory doesn't match image C:\Users\Sinem KADAKAL\Desktop\Unity\Week3\Library\PackageCache\com.unity.visualscripting@1.8.0\Editor\VisualScripting.Core\Dependencies\YamlDotNet\Unity.VisualScripting.YamlDotNet.dll
Symbol file LoadedFromMemory doesn't match image C:\Users\Sinem KADAKAL\Desktop\Unity\Week3\Library\PackageCache\com.unity.visualscripting@1.8.0\Editor\VisualScripting.Core\Dependencies\DotNetZip\Unity.VisualScripting.IonicZip.dll
Native extension for WindowsStandalone target not found
Refreshing native plugins compatible for Editor in 0.46 ms, found 3 plugins.
Preloading 0 native plugins for Editor in 0.00 ms.
Mono: successfully reloaded assembly
- Completed reload, in  1.223 seconds
Domain Reload Profiling:
	ReloadAssembly (1224ms)
		BeginReloadAssembly (155ms)
			ExecutionOrderSort (0ms)
			DisableScriptedObjects (6ms)
			BackupInstance (0ms)
			ReleaseScriptingObjects (0ms)
			CreateAndSetChildDomain (34ms)
		EndReloadAssembly (969ms)
			LoadAssemblies (91ms)
			RebuildTransferFunctionScriptingTraits (0ms)
			SetupTypeCache (371ms)
			ReleaseScriptCaches (1ms)
			RebuildScriptCaches (62ms)
			SetupLoadedEditorAssemblies (390ms)
				LogAssemblyErrors (0ms)
				InitializePlatformSupportModulesInManaged (5ms)
				SetLoadedEditorAssemblies (0ms)
				RefreshPlugins (1ms)
				BeforeProcessingInitializeOnLoad (85ms)
				ProcessInitializeOnLoadAttributes (263ms)
				ProcessInitializeOnLoadMethodAttributes (26ms)
				AfterProcessingInitializeOnLoad (10ms)
				EditorAssembliesLoaded (0ms)
			ExecutionOrderSort2 (0ms)
			AwakeInstancesAfterBackupRestoration (10ms)
Platform modules already initialized, skipping
Refreshing native plugins compatible for Editor in 2.36 ms, found 3 plugins.
Preloading 0 native plugins for Editor in 0.00 ms.
Unloading 3042 Unused Serialized files (Serialized files now loaded: 0)
Unloading 17 unused Assets / (79.8 KB). Loaded Objects now: 3587.
Memory consumption went from 112.3 MB to 112.2 MB.
Total: 3.995300 ms (FindLiveObjects: 0.258800 ms CreateObjectMapping: 0.167300 ms MarkObjects: 3.476600 ms  DeleteObjects: 0.091000 ms)

AssetImportParameters requested are different than current active one (requested -> active):
  custom:video-decoder-ogg-theora: a1e56fd34408186e4bbccfd4996cb3dc -> 
  custom:container-muxer-webm: aa71ff27fc2769a1b78a27578f13a17b -> 
  custom:container-demuxer-webm: 4f35f7cbe854078d1ac9338744f61a02 -> 
  custom:video-encoder-webm-vp8: eb34c28f22e8b96e1ab97ce403110664 -> 
  custom:video-codec-MediaFoundation-h265: 746d11721c4dcdbdad8f713fa42b33f4 -> 
  custom:audio-encoder-webm-vorbis: bf7c407c2cedff20999df2af8eb42d56 -> 
  custom:framework-win-MediaFoundation: 216162199b28c13a410421893ffa2e32 -> 
  custom:container-demuxer-ogg: 62fdf1f143b41e24485cea50d1cbac27 -> 
  custom:video-decoder-webm-vp8: 9c59270c3fd7afecdb556c50c9e8de78 -> 
  custom:audio-decoder-ogg-vorbis: bf7c407c2cedff20999df2af8eb42d56 -> 
========================================================================
Received Import Request.
  Time since last request: 352.331156 seconds.
  path: Assets/Materails/Sky.mat
  artifactKey: Guid(75dec12f385703a4186ef5e2cb0e870d) Importer(815301076,1909f56bfc062723c751e8b465ee728b)
Start importing Assets/Materails/Sky.mat using Guid(75dec12f385703a4186ef5e2cb0e870d) Importer(815301076,1909f56bfc062723c751e8b465ee728b)  -> (artifact id: '61e229f417c422801b4d92b931827dd5') in 0.237275 seconds 
========================================================================
Received Prepare
Registering precompiled user dll's ...
Registered in 0.006304 seconds.
Begin MonoManager ReloadAssembly
Symbol file LoadedFromMemory doesn't match image C:\Users\Sinem KADAKAL\Desktop\Unity\Week3\Library\PackageCache\com.unity.visualscripting@1.8.0\Editor\VisualScripting.Core\Dependencies\YamlDotNet\Unity.VisualScripting.YamlDotNet.dll
Symbol file LoadedFromMemory doesn't match image C:\Users\Sinem KADAKAL\Desktop\Unity\Week3\Library\PackageCache\com.unity.visualscripting@1.8.0\Editor\VisualScripting.Core\Dependencies\DotNetZip\Unity.VisualScripting.IonicZip.dll
Native extension for WindowsStandalone target not found
Refreshing native plugins compatible for Editor in 0.77 ms, found 3 plugins.
Preloading 0 native plugins for Editor in 0.00 ms.
Mono: successfully reloaded assembly
- Completed reload, in  1.280 seconds
Domain Reload Profiling:
	ReloadAssembly (1281ms)
		BeginReloadAssembly (186ms)
			ExecutionOrderSort (0ms)
			DisableScriptedObjects (6ms)
			BackupInstance (0ms)
			ReleaseScriptingObjects (0ms)
			CreateAndSetChildDomain (45ms)
		EndReloadAssembly (964ms)
			LoadAssemblies (122ms)
			RebuildTransferFunctionScriptingTraits (0ms)
			SetupTypeCache (375ms)
			ReleaseScriptCaches (2ms)
			RebuildScriptCaches (53ms)
			SetupLoadedEditorAssemblies (371ms)
				LogAssemblyErrors (0ms)
				InitializePlatformSupportModulesInManaged (7ms)
				SetLoadedEditorAssemblies (1ms)
				RefreshPlugins (1ms)
				BeforeProcessingInitializeOnLoad (79ms)
				ProcessInitializeOnLoadAttributes (249ms)
				ProcessInitializeOnLoadMethodAttributes (25ms)
				AfterProcessingInitializeOnLoad (9ms)
				EditorAssembliesLoaded (0ms)
			ExecutionOrderSort2 (0ms)
			AwakeInstancesAfterBackupRestoration (9ms)
Platform modules already initialized, skipping
Refreshing native plugins compatible for Editor in 2.24 ms, found 3 plugins.
Preloading 0 native plugins for Editor in 0.00 ms.
Unloading 3042 Unused Serialized files (Serialized files now loaded: 0)
Unloading 17 unused Assets / (80.3 KB). Loaded Objects now: 3591.
Memory consumption went from 112.5 MB to 112.4 MB.
Total: 3.434400 ms (FindLiveObjects: 0.259300 ms CreateObjectMapping: 0.170100 ms MarkObjects: 2.905500 ms  DeleteObjects: 0.098500 ms)

AssetImportParameters requested are different than current active one (requested -> active):
  custom:video-decoder-ogg-theora: a1e56fd34408186e4bbccfd4996cb3dc -> 
  custom:container-muxer-webm: aa71ff27fc2769a1b78a27578f13a17b -> 
  custom:container-demuxer-webm: 4f35f7cbe854078d1ac9338744f61a02 -> 
  custom:video-encoder-webm-vp8: eb34c28f22e8b96e1ab97ce403110664 -> 
  custom:video-codec-MediaFoundation-h265: 746d11721c4dcdbdad8f713fa42b33f4 -> 
  custom:audio-encoder-webm-vorbis: bf7c407c2cedff20999df2af8eb42d56 -> 
  custom:framework-win-MediaFoundation: 216162199b28c13a410421893ffa2e32 -> 
  custom:container-demuxer-ogg: 62fdf1f143b41e24485cea50d1cbac27 -> 
  custom:video-decoder-webm-vp8: 9c59270c3fd7afecdb556c50c9e8de78 -> 
  custom:audio-decoder-ogg-vorbis: bf7c407c2cedff20999df2af8eb42d56 -> 
========================================================================
Received Prepare
Registering precompiled user dll's ...
Registered in 0.007281 seconds.
Begin MonoManager ReloadAssembly
Symbol file LoadedFromMemory doesn't match image C:\Users\Sinem KADAKAL\Desktop\Unity\Week3\Library\PackageCache\com.unity.visualscripting@1.8.0\Editor\VisualScripting.Core\Dependencies\YamlDotNet\Unity.VisualScripting.YamlDotNet.dll
Symbol file LoadedFromMemory doesn't match image C:\Users\Sinem KADAKAL\Desktop\Unity\Week3\Library\PackageCache\com.unity.visualscripting@1.8.0\Editor\VisualScripting.Core\Dependencies\DotNetZip\Unity.VisualScripting.IonicZip.dll
Native extension for WindowsStandalone target not found
Refreshing native plugins compatible for Editor in 1.23 ms, found 3 plugins.
Preloading 0 native plugins for Editor in 0.00 ms.
Mono: successfully reloaded assembly
- Completed reload, in  2.108 seconds
Domain Reload Profiling:
	ReloadAssembly (2109ms)
		BeginReloadAssembly (260ms)
			ExecutionOrderSort (0ms)
			DisableScriptedObjects (9ms)
			BackupInstance (0ms)
			ReleaseScriptingObjects (0ms)
			CreateAndSetChildDomain (57ms)
		EndReloadAssembly (1668ms)
			LoadAssemblies (142ms)
			RebuildTransferFunctionScriptingTraits (0ms)
			SetupTypeCache (594ms)
			ReleaseScriptCaches (2ms)
			RebuildScriptCaches (136ms)
			SetupLoadedEditorAssemblies (639ms)
				LogAssemblyErrors (0ms)
				InitializePlatformSupportModulesInManaged (10ms)
				SetLoadedEditorAssemblies (1ms)
				RefreshPlugins (1ms)
				BeforeProcessingInitializeOnLoad (138ms)
				ProcessInitializeOnLoadAttributes (429ms)
				ProcessInitializeOnLoadMethodAttributes (43ms)
				AfterProcessingInitializeOnLoad (16ms)
				EditorAssembliesLoaded (0ms)
			ExecutionOrderSort2 (0ms)
			AwakeInstancesAfterBackupRestoration (16ms)
Platform modules already initialized, skipping
Refreshing native plugins compatible for Editor in 3.33 ms, found 3 plugins.
Preloading 0 native plugins for Editor in 0.00 ms.
Unloading 3042 Unused Serialized files (Serialized files now loaded: 0)
Unloading 17 unused Assets / (80.3 KB). Loaded Objects now: 3594.
Memory consumption went from 112.5 MB to 112.4 MB.
Total: 5.973700 ms (FindLiveObjects: 0.324800 ms CreateObjectMapping: 0.437300 ms MarkObjects: 5.086600 ms  DeleteObjects: 0.123400 ms)

AssetImportParameters requested are different than current active one (requested -> active):
  custom:video-decoder-ogg-theora: a1e56fd34408186e4bbccfd4996cb3dc -> 
  custom:container-muxer-webm: aa71ff27fc2769a1b78a27578f13a17b -> 
  custom:container-demuxer-webm: 4f35f7cbe854078d1ac9338744f61a02 -> 
  custom:video-encoder-webm-vp8: eb34c28f22e8b96e1ab97ce403110664 -> 
  custom:video-codec-MediaFoundation-h265: 746d11721c4dcdbdad8f713fa42b33f4 -> 
  custom:audio-encoder-webm-vorbis: bf7c407c2cedff20999df2af8eb42d56 -> 
  custom:framework-win-MediaFoundation: 216162199b28c13a410421893ffa2e32 -> 
  custom:container-demuxer-ogg: 62fdf1f143b41e24485cea50d1cbac27 -> 
  custom:video-decoder-webm-vp8: 9c59270c3fd7afecdb556c50c9e8de78 -> 
  custom:audio-decoder-ogg-vorbis: bf7c407c2cedff20999df2af8eb42d56 -> 
========================================================================
Received Prepare
Registering precompiled user dll's ...
Registered in 0.008211 seconds.
Begin MonoManager ReloadAssembly
Symbol file LoadedFromMemory doesn't match image C:\Users\Sinem KADAKAL\Desktop\Unity\Week3\Library\PackageCache\com.unity.visualscripting@1.8.0\Editor\VisualScripting.Core\Dependencies\YamlDotNet\Unity.VisualScripting.YamlDotNet.dll
Symbol file LoadedFromMemory doesn't match image C:\Users\Sinem KADAKAL\Desktop\Unity\Week3\Library\PackageCache\com.unity.visualscripting@1.8.0\Editor\VisualScripting.Core\Dependencies\DotNetZip\Unity.VisualScripting.IonicZip.dll
Native extension for WindowsStandalone target not found
Refreshing native plugins compatible for Editor in 0.76 ms, found 3 plugins.
Preloading 0 native plugins for Editor in 0.00 ms.
Mono: successfully reloaded assembly
- Completed reload, in  1.800 seconds
Domain Reload Profiling:
	ReloadAssembly (1801ms)
		BeginReloadAssembly (257ms)
			ExecutionOrderSort (0ms)
			DisableScriptedObjects (10ms)
			BackupInstance (0ms)
			ReleaseScriptingObjects (0ms)
			CreateAndSetChildDomain (56ms)
		EndReloadAssembly (1384ms)
			LoadAssemblies (169ms)
			RebuildTransferFunctionScriptingTraits (0ms)
			SetupTypeCache (545ms)
			ReleaseScriptCaches (1ms)
			RebuildScriptCaches (63ms)
			SetupLoadedEditorAssemblies (578ms)
				LogAssemblyErrors (0ms)
				InitializePlatformSupportModulesInManaged (9ms)
				SetLoadedEditorAssemblies (1ms)
				RefreshPlugins (1ms)
				BeforeProcessingInitializeOnLoad (123ms)
				ProcessInitializeOnLoadAttributes (393ms)
				ProcessInitializeOnLoadMethodAttributes (35ms)
				AfterProcessingInitializeOnLoad (14ms)
				EditorAssembliesLoaded (0ms)
			ExecutionOrderSort2 (0ms)
			AwakeInstancesAfterBackupRestoration (13ms)
Platform modules already initialized, skipping
Refreshing native plugins compatible for Editor in 3.66 ms, found 3 plugins.
Preloading 0 native plugins for Editor in 0.00 ms.
Unloading 3042 Unused Serialized files (Serialized files now loaded: 0)
Unloading 17 unused Assets / (80.2 KB). Loaded Objects now: 3597.
Memory consumption went from 112.5 MB to 112.4 MB.
Total: 5.052500 ms (FindLiveObjects: 0.309900 ms CreateObjectMapping: 0.229900 ms MarkObjects: 4.399600 ms  DeleteObjects: 0.111400 ms)

AssetImportParameters requested are different than current active one (requested -> active):
  custom:video-decoder-ogg-theora: a1e56fd34408186e4bbccfd4996cb3dc -> 
  custom:container-muxer-webm: aa71ff27fc2769a1b78a27578f13a17b -> 
  custom:container-demuxer-webm: 4f35f7cbe854078d1ac9338744f61a02 -> 
  custom:video-encoder-webm-vp8: eb34c28f22e8b96e1ab97ce403110664 -> 
  custom:video-codec-MediaFoundation-h265: 746d11721c4dcdbdad8f713fa42b33f4 -> 
  custom:audio-encoder-webm-vorbis: bf7c407c2cedff20999df2af8eb42d56 -> 
  custom:framework-win-MediaFoundation: 216162199b28c13a410421893ffa2e32 -> 
  custom:container-demuxer-ogg: 62fdf1f143b41e24485cea50d1cbac27 -> 
  custom:video-decoder-webm-vp8: 9c59270c3fd7afecdb556c50c9e8de78 -> 
  custom:audio-decoder-ogg-vorbis: bf7c407c2cedff20999df2af8eb42d56 -> 
========================================================================
Received Prepare
Registering precompiled user dll's ...
Registered in 0.008492 seconds.
Begin MonoManager ReloadAssembly
Symbol file LoadedFromMemory doesn't match image C:\Users\Sinem KADAKAL\Desktop\Unity\Week3\Library\PackageCache\com.unity.visualscripting@1.8.0\Editor\VisualScripting.Core\Dependencies\YamlDotNet\Unity.VisualScripting.YamlDotNet.dll
Symbol file LoadedFromMemory doesn't match image C:\Users\Sinem KADAKAL\Desktop\Unity\Week3\Library\PackageCache\com.unity.visualscripting@1.8.0\Editor\VisualScripting.Core\Dependencies\DotNetZip\Unity.VisualScripting.IonicZip.dll
Native extension for WindowsStandalone target not found
Refreshing native plugins compatible for Editor in 0.80 ms, found 3 plugins.
Preloading 0 native plugins for Editor in 0.00 ms.
Mono: successfully reloaded assembly
- Completed reload, in  2.056 seconds
Domain Reload Profiling:
	ReloadAssembly (2058ms)
		BeginReloadAssembly (222ms)
			ExecutionOrderSort (0ms)
			DisableScriptedObjects (10ms)
			BackupInstance (0ms)
			ReleaseScriptingObjects (0ms)
			CreateAndSetChildDomain (45ms)
		EndReloadAssembly (1693ms)
			LoadAssemblies (142ms)
			RebuildTransferFunctionScriptingTraits (0ms)
			SetupTypeCache (550ms)
			ReleaseScriptCaches (3ms)
			RebuildScriptCaches (154ms)
			SetupLoadedEditorAssemblies (675ms)
				LogAssemblyErrors (0ms)
				InitializePlatformSupportModulesInManaged (12ms)
				SetLoadedEditorAssemblies (1ms)
				RefreshPlugins (1ms)
				BeforeProcessingInitializeOnLoad (142ms)
				ProcessInitializeOnLoadAttributes (449ms)
				ProcessInitializeOnLoadMethodAttributes (48ms)
				AfterProcessingInitializeOnLoad (21ms)
				EditorAssembliesLoaded (0ms)
			ExecutionOrderSort2 (0ms)
			AwakeInstancesAfterBackupRestoration (16ms)
Platform modules already initialized, skipping
Refreshing native plugins compatible for Editor in 3.55 ms, found 3 plugins.
Preloading 0 native plugins for Editor in 0.00 ms.
Unloading 3042 Unused Serialized files (Serialized files now loaded: 0)
Unloading 17 unused Assets / (80.0 KB). Loaded Objects now: 3600.
Memory consumption went from 112.5 MB to 112.4 MB.
Total: 4.824000 ms (FindLiveObjects: 0.467100 ms CreateObjectMapping: 0.396000 ms MarkObjects: 3.846800 ms  DeleteObjects: 0.112400 ms)

AssetImportParameters requested are different than current active one (requested -> active):
  custom:video-decoder-ogg-theora: a1e56fd34408186e4bbccfd4996cb3dc -> 
  custom:container-muxer-webm: aa71ff27fc2769a1b78a27578f13a17b -> 
  custom:container-demuxer-webm: 4f35f7cbe854078d1ac9338744f61a02 -> 
  custom:video-encoder-webm-vp8: eb34c28f22e8b96e1ab97ce403110664 -> 
  custom:video-codec-MediaFoundation-h265: 746d11721c4dcdbdad8f713fa42b33f4 -> 
  custom:audio-encoder-webm-vorbis: bf7c407c2cedff20999df2af8eb42d56 -> 
  custom:framework-win-MediaFoundation: 216162199b28c13a410421893ffa2e32 -> 
  custom:container-demuxer-ogg: 62fdf1f143b41e24485cea50d1cbac27 -> 
  custom:video-decoder-webm-vp8: 9c59270c3fd7afecdb556c50c9e8de78 -> 
  custom:audio-decoder-ogg-vorbis: bf7c407c2cedff20999df2af8eb42d56 -> 
========================================================================
Received Prepare
Registering precompiled user dll's ...
Registered in 0.011420 seconds.
Begin MonoManager ReloadAssembly
Symbol file LoadedFromMemory doesn't match image C:\Users\Sinem KADAKAL\Desktop\Unity\Week3\Library\PackageCache\com.unity.visualscripting@1.8.0\Editor\VisualScripting.Core\Dependencies\YamlDotNet\Unity.VisualScripting.YamlDotNet.dll
Symbol file LoadedFromMemory doesn't match image C:\Users\Sinem KADAKAL\Desktop\Unity\Week3\Library\PackageCache\com.unity.visualscripting@1.8.0\Editor\VisualScripting.Core\Dependencies\DotNetZip\Unity.VisualScripting.IonicZip.dll
Native extension for WindowsStandalone target not found
Refreshing native plugins compatible for Editor in 0.83 ms, found 3 plugins.
Preloading 0 native plugins for Editor in 0.00 ms.
Mono: successfully reloaded assembly
- Completed reload, in  2.083 seconds
Domain Reload Profiling:
	ReloadAssembly (2084ms)
		BeginReloadAssembly (218ms)
			ExecutionOrderSort (0ms)
			DisableScriptedObjects (10ms)
			BackupInstance (0ms)
			ReleaseScriptingObjects (0ms)
			CreateAndSetChildDomain (45ms)
		EndReloadAssembly (1687ms)
			LoadAssemblies (163ms)
			RebuildTransferFunctionScriptingTraits (0ms)
			SetupTypeCache (664ms)
			ReleaseScriptCaches (2ms)
			RebuildScriptCaches (99ms)
			SetupLoadedEditorAssemblies (635ms)
				LogAssemblyErrors (0ms)
				InitializePlatformSupportModulesInManaged (13ms)
				SetLoadedEditorAssemblies (1ms)
				RefreshPlugins (1ms)
				BeforeProcessingInitializeOnLoad (161ms)
				ProcessInitializeOnLoadAttributes (400ms)
				ProcessInitializeOnLoadMethodAttributes (42ms)
				AfterProcessingInitializeOnLoad (16ms)
				EditorAssembliesLoaded (0ms)
			ExecutionOrderSort2 (0ms)
			AwakeInstancesAfterBackupRestoration (14ms)
Platform modules already initialized, skipping
Refreshing native plugins compatible for Editor in 4.24 ms, found 3 plugins.
Preloading 0 native plugins for Editor in 0.00 ms.
Unloading 3042 Unused Serialized files (Serialized files now loaded: 0)
Unloading 17 unused Assets / (80.3 KB). Loaded Objects now: 3603.
Memory consumption went from 112.5 MB to 112.4 MB.
Total: 7.374500 ms (FindLiveObjects: 0.426400 ms CreateObjectMapping: 0.385400 ms MarkObjects: 6.403700 ms  DeleteObjects: 0.157700 ms)

AssetImportParameters requested are different than current active one (requested -> active):
  custom:video-decoder-ogg-theora: a1e56fd34408186e4bbccfd4996cb3dc -> 
  custom:container-muxer-webm: aa71ff27fc2769a1b78a27578f13a17b -> 
  custom:container-demuxer-webm: 4f35f7cbe854078d1ac9338744f61a02 -> 
  custom:video-encoder-webm-vp8: eb34c28f22e8b96e1ab97ce403110664 -> 
  custom:video-codec-MediaFoundation-h265: 746d11721c4dcdbdad8f713fa42b33f4 -> 
  custom:audio-encoder-webm-vorbis: bf7c407c2cedff20999df2af8eb42d56 -> 
  custom:framework-win-MediaFoundation: 216162199b28c13a410421893ffa2e32 -> 
  custom:container-demuxer-ogg: 62fdf1f143b41e24485cea50d1cbac27 -> 
  custom:video-decoder-webm-vp8: 9c59270c3fd7afecdb556c50c9e8de78 -> 
  custom:audio-decoder-ogg-vorbis: bf7c407c2cedff20999df2af8eb42d56 -> 
========================================================================
Received Prepare
Registering precompiled user dll's ...
Registered in 0.008526 seconds.
Begin MonoManager ReloadAssembly
Symbol file LoadedFromMemory doesn't match image C:\Users\Sinem KADAKAL\Desktop\Unity\Week3\Library\PackageCache\com.unity.visualscripting@1.8.0\Editor\VisualScripting.Core\Dependencies\YamlDotNet\Unity.VisualScripting.YamlDotNet.dll
Symbol file LoadedFromMemory doesn't match image C:\Users\Sinem KADAKAL\Desktop\Unity\Week3\Library\PackageCache\com.unity.visualscripting@1.8.0\Editor\VisualScripting.Core\Dependencies\DotNetZip\Unity.VisualScripting.IonicZip.dll
Native extension for WindowsStandalone target not found
Refreshing native plugins compatible for Editor in 1.04 ms, found 3 plugins.
Preloading 0 native plugins for Editor in 0.00 ms.
Mono: successfully reloaded assembly
- Completed reload, in  2.530 seconds
Domain Reload Profiling:
	ReloadAssembly (2531ms)
		BeginReloadAssembly (273ms)
			ExecutionOrderSort (0ms)
			DisableScriptedObjects (9ms)
			BackupInstance (0ms)
			ReleaseScriptingObjects (0ms)
			CreateAndSetChildDomain (61ms)
		EndReloadAssembly (2044ms)
			LoadAssemblies (202ms)
			RebuildTransferFunctionScriptingTraits (0ms)
			SetupTypeCache (695ms)
			ReleaseScriptCaches (2ms)
			RebuildScriptCaches (141ms)
			SetupLoadedEditorAssemblies (842ms)
				LogAssemblyErrors (0ms)
				InitializePlatformSupportModulesInManaged (14ms)
				SetLoadedEditorAssemblies (1ms)
				RefreshPlugins (1ms)
				BeforeProcessingInitializeOnLoad (161ms)
				ProcessInitializeOnLoadAttributes (592ms)
				ProcessInitializeOnLoadMethodAttributes (52ms)
				AfterProcessingInitializeOnLoad (20ms)
				EditorAssembliesLoaded (0ms)
			ExecutionOrderSort2 (0ms)
			AwakeInstancesAfterBackupRestoration (18ms)
Platform modules already initialized, skipping
Refreshing native plugins compatible for Editor in 3.28 ms, found 3 plugins.
Preloading 0 native plugins for Editor in 0.00 ms.
Unloading 3042 Unused Serialized files (Serialized files now loaded: 0)
Unloading 17 unused Assets / (80.2 KB). Loaded Objects now: 3606.
Memory consumption went from 112.5 MB to 112.5 MB.
Total: 5.376200 ms (FindLiveObjects: 0.439800 ms CreateObjectMapping: 0.379400 ms MarkObjects: 4.414500 ms  DeleteObjects: 0.140600 ms)

AssetImportParameters requested are different than current active one (requested -> active):
  custom:video-decoder-ogg-theora: a1e56fd34408186e4bbccfd4996cb3dc -> 
  custom:container-muxer-webm: aa71ff27fc2769a1b78a27578f13a17b -> 
  custom:container-demuxer-webm: 4f35f7cbe854078d1ac9338744f61a02 -> 
  custom:video-encoder-webm-vp8: eb34c28f22e8b96e1ab97ce403110664 -> 
  custom:video-codec-MediaFoundation-h265: 746d11721c4dcdbdad8f713fa42b33f4 -> 
  custom:audio-encoder-webm-vorbis: bf7c407c2cedff20999df2af8eb42d56 -> 
  custom:framework-win-MediaFoundation: 216162199b28c13a410421893ffa2e32 -> 
  custom:container-demuxer-ogg: 62fdf1f143b41e24485cea50d1cbac27 -> 
  custom:video-decoder-webm-vp8: 9c59270c3fd7afecdb556c50c9e8de78 -> 
  custom:audio-decoder-ogg-vorbis: bf7c407c2cedff20999df2af8eb42d56 -> 
========================================================================
Received Prepare
Registering precompiled user dll's ...
Registered in 0.007479 seconds.
Begin MonoManager ReloadAssembly
Symbol file LoadedFromMemory doesn't match image C:\Users\Sinem KADAKAL\Desktop\Unity\Week3\Library\PackageCache\com.unity.visualscripting@1.8.0\Editor\VisualScripting.Core\Dependencies\YamlDotNet\Unity.VisualScripting.YamlDotNet.dll
Symbol file LoadedFromMemory doesn't match image C:\Users\Sinem KADAKAL\Desktop\Unity\Week3\Library\PackageCache\com.unity.visualscripting@1.8.0\Editor\VisualScripting.Core\Dependencies\DotNetZip\Unity.VisualScripting.IonicZip.dll
Native extension for WindowsStandalone target not found
Refreshing native plugins compatible for Editor in 0.86 ms, found 3 plugins.
Preloading 0 native plugins for Editor in 0.00 ms.
Mono: successfully reloaded assembly
- Completed reload, in  1.951 seconds
Domain Reload Profiling:
	ReloadAssembly (1953ms)
		BeginReloadAssembly (233ms)
			ExecutionOrderSort (0ms)
			DisableScriptedObjects (18ms)
			BackupInstance (0ms)
			ReleaseScriptingObjects (0ms)
			CreateAndSetChildDomain (49ms)
		EndReloadAssembly (1548ms)
			LoadAssemblies (156ms)
			RebuildTransferFunctionScriptingTraits (0ms)
			SetupTypeCache (555ms)
			ReleaseScriptCaches (2ms)
			RebuildScriptCaches (96ms)
			SetupLoadedEditorAssemblies (644ms)
				LogAssemblyErrors (0ms)
				InitializePlatformSupportModulesInManaged (12ms)
				SetLoadedEditorAssemblies (1ms)
				RefreshPlugins (1ms)
				BeforeProcessingInitializeOnLoad (139ms)
				ProcessInitializeOnLoadAttributes (429ms)
				ProcessInitializeOnLoadMethodAttributes (44ms)
				AfterProcessingInitializeOnLoad (17ms)
				EditorAssembliesLoaded (0ms)
			ExecutionOrderSort2 (0ms)
			AwakeInstancesAfterBackupRestoration (16ms)
Platform modules already initialized, skipping
Refreshing native plugins compatible for Editor in 4.08 ms, found 3 plugins.
Preloading 0 native plugins for Editor in 0.00 ms.
Unloading 3042 Unused Serialized files (Serialized files now loaded: 0)
Unloading 17 unused Assets / (80.3 KB). Loaded Objects now: 3609.
Memory consumption went from 112.5 MB to 112.5 MB.
Total: 5.218000 ms (FindLiveObjects: 0.346400 ms CreateObjectMapping: 0.435700 ms MarkObjects: 4.246900 ms  DeleteObjects: 0.187300 ms)

AssetImportParameters requested are different than current active one (requested -> active):
  custom:video-decoder-ogg-theora: a1e56fd34408186e4bbccfd4996cb3dc -> 
  custom:container-muxer-webm: aa71ff27fc2769a1b78a27578f13a17b -> 
  custom:container-demuxer-webm: 4f35f7cbe854078d1ac9338744f61a02 -> 
  custom:video-encoder-webm-vp8: eb34c28f22e8b96e1ab97ce403110664 -> 
  custom:video-codec-MediaFoundation-h265: 746d11721c4dcdbdad8f713fa42b33f4 -> 
  custom:audio-encoder-webm-vorbis: bf7c407c2cedff20999df2af8eb42d56 -> 
  custom:framework-win-MediaFoundation: 216162199b28c13a410421893ffa2e32 -> 
  custom:container-demuxer-ogg: 62fdf1f143b41e24485cea50d1cbac27 -> 
  custom:video-decoder-webm-vp8: 9c59270c3fd7afecdb556c50c9e8de78 -> 
  custom:audio-decoder-ogg-vorbis: bf7c407c2cedff20999df2af8eb42d56 -> 
